=== [1/4] Clone 仓库 ===
Cloning into '/home/cc/Label/probfuzz_measure'...
=== [2/4] Build 阶段（按 README: sudo ./install.sh 或等价依赖）— 进程树峰值监控 ===
无 apt-get 或 sudo，尝试用 pip2 安装与 install.sh 等价的依赖（需 Python 2）...
DEPRECATION: Python 2.7 reached the end of its life on January 1st, 2020. Please upgrade your Python as Python 2.7 is no longer maintained. pip 21.0 will drop support for Python 2.7 in January 2021. More details about Python 2 support in pip can be found at https://pip.pypa.io/en/latest/development/release-process/#python-2-support pip 21.0 will remove support for this functionality.
Requirement already satisfied: antlr4-python2-runtime in /home/cc/.local/lib/python2.7/site-packages (4.7.2)
Requirement already satisfied: six in /home/cc/.local/lib/python2.7/site-packages (1.17.0)
Requirement already satisfied: astunparse in /home/cc/.local/lib/python2.7/site-packages (1.6.3)
Requirement already satisfied: ast in /home/cc/.local/lib/python2.7/site-packages (0.0.2)
Requirement already satisfied: pystan in /home/cc/.local/lib/python2.7/site-packages (2.19.1.1)
Requirement already satisfied: edward in /home/cc/.local/lib/python2.7/site-packages (1.3.5)
Requirement already satisfied: pyro-ppl==0.2.1 in /home/cc/.local/lib/python2.7/site-packages (0.2.1)
Requirement already satisfied: tensorflow==1.5.0 in /home/cc/.local/lib/python2.7/site-packages (1.5.0)
Requirement already satisfied: pandas in /home/cc/.local/lib/python2.7/site-packages (0.24.2)
Requirement already satisfied: wheel<1.0,>=0.23.0 in /home/cc/miniforge3/envs/probfuzz_py2/lib/python2.7/site-packages (from astunparse) (0.37.1)
Requirement already satisfied: Cython!=0.25.1,>=0.22 in /home/cc/.local/lib/python2.7/site-packages (from pystan) (3.0.12)
Requirement already satisfied: numpy>=1.7 in /home/cc/.local/lib/python2.7/site-packages (from pystan) (1.16.6)
Requirement already satisfied: torch>=0.4.0 in /home/cc/.local/lib/python2.7/site-packages (from pyro-ppl==0.2.1) (0.4.0)
Requirement already satisfied: contextlib2 in /home/cc/.local/lib/python2.7/site-packages (from pyro-ppl==0.2.1) (0.6.0.post1)
Requirement already satisfied: graphviz>=0.8 in /home/cc/.local/lib/python2.7/site-packages (from pyro-ppl==0.2.1) (0.16)
Requirement already satisfied: networkx>=2.0.0 in /home/cc/.local/lib/python2.7/site-packages (from pyro-ppl==0.2.1) (2.2)
Requirement already satisfied: tensorflow-tensorboard<1.6.0,>=1.5.0 in /home/cc/.local/lib/python2.7/site-packages (from tensorflow==1.5.0) (1.5.1)
Requirement already satisfied: enum34>=1.1.6 in /home/cc/.local/lib/python2.7/site-packages (from tensorflow==1.5.0) (1.1.10)
Requirement already satisfied: absl-py>=0.1.6 in /home/cc/.local/lib/python2.7/site-packages (from tensorflow==1.5.0) (0.15.0)
Requirement already satisfied: mock>=2.0.0 in /home/cc/.local/lib/python2.7/site-packages (from tensorflow==1.5.0) (3.0.5)
Requirement already satisfied: backports.weakref>=1.0rc1 in /home/cc/.local/lib/python2.7/site-packages (from tensorflow==1.5.0) (1.0.post1)
Requirement already satisfied: protobuf>=3.4.0 in /home/cc/.local/lib/python2.7/site-packages (from tensorflow==1.5.0) (3.17.3)
Requirement already satisfied: python-dateutil>=2.5.0 in /home/cc/.local/lib/python2.7/site-packages (from pandas) (2.9.0.post0)
Requirement already satisfied: pytz>=2011k in /home/cc/.local/lib/python2.7/site-packages (from pandas) (2025.2)
Requirement already satisfied: decorator>=4.3.0 in /home/cc/.local/lib/python2.7/site-packages (from networkx>=2.0.0->pyro-ppl==0.2.1) (4.4.2)
Requirement already satisfied: bleach==1.5.0 in /home/cc/.local/lib/python2.7/site-packages (from tensorflow-tensorboard<1.6.0,>=1.5.0->tensorflow==1.5.0) (1.5.0)
Requirement already satisfied: futures>=3.1.1; python_version < "3" in /home/cc/.local/lib/python2.7/site-packages (from tensorflow-tensorboard<1.6.0,>=1.5.0->tensorflow==1.5.0) (3.4.0)
Requirement already satisfied: werkzeug>=0.11.10 in /home/cc/.local/lib/python2.7/site-packages (from tensorflow-tensorboard<1.6.0,>=1.5.0->tensorflow==1.5.0) (1.0.1)
Requirement already satisfied: html5lib==0.9999999 in /home/cc/.local/lib/python2.7/site-packages (from tensorflow-tensorboard<1.6.0,>=1.5.0->tensorflow==1.5.0) (0.9999999)
Requirement already satisfied: markdown>=2.6.8 in /home/cc/.local/lib/python2.7/site-packages (from tensorflow-tensorboard<1.6.0,>=1.5.0->tensorflow==1.5.0) (3.1.1)
Requirement already satisfied: funcsigs>=1; python_version < "3.3" in /home/cc/.local/lib/python2.7/site-packages (from mock>=2.0.0->tensorflow==1.5.0) (1.0.2)
Requirement already satisfied: setuptools>=36 in /home/cc/.local/lib/python2.7/site-packages (from markdown>=2.6.8->tensorflow-tensorboard<1.6.0,>=1.5.0->tensorflow==1.5.0) (44.1.1)
DEPRECATION: Python 2.7 reached the end of its life on January 1st, 2020. Please upgrade your Python as Python 2.7 is no longer maintained. pip 21.0 will drop support for Python 2.7 in January 2021. More details about Python 2 support in pip can be found at https://pip.pypa.io/en/latest/development/release-process/#python-2-support pip 21.0 will remove support for this functionality.
Requirement already satisfied: torch==0.4.0 from http://download.pytorch.org/whl/cpu/torch-0.4.0-cp27-cp27mu-linux_x86_64.whl in /home/cc/.local/lib/python2.7/site-packages (0.4.0)
Install successful
check.py 输出 'Install successful'，继续 Run 阶段。
=== [3/4] Run 阶段（./probfuzz.py 1）— 进程树峰值监控 ===
为 python2 安装 antlr4-python2-runtime==4.7.2（匹配 jar 4.7.1）...
DEPRECATION: Python 2.7 reached the end of its life on January 1st, 2020. Please upgrade your Python as Python 2.7 is no longer maintained. pip 21.0 will drop support for Python 2.7 in January 2021. More details about Python 2 support in pip can be found at https://pip.pypa.io/en/latest/development/release-process/#python-2-support pip 21.0 will remove support for this functionality.
Requirement already satisfied: antlr4-python2-runtime==4.7.2 in /home/cc/.local/lib/python2.7/site-packages (4.7.2)
=== [4/4] 输出 result/probfuzz.json ===
Done. Build peak RAM: 0.0490 GB, Run peak RAM: 0.0244 GB, Disk: 0.0028 GB
