=== [1/5] Clone 仓库 ===
Cloning into '/home/cc/Label/sharkdp_bat_measure'...
=== [2/5] Build 阶段：cargo build --release ===
   Compiling proc-macro2 v1.0.106
   Compiling unicode-ident v1.0.14
   Compiling libc v0.2.175
   Compiling memchr v2.7.4
   Compiling cfg-if v1.0.0
   Compiling smallvec v1.13.2
   Compiling stable_deref_trait v1.2.0
   Compiling shlex v1.3.0
   Compiling rustix v0.38.43
   Compiling pkg-config v0.3.31
   Compiling serde v1.0.228
   Compiling crossbeam-utils v0.8.21
   Compiling serde_core v1.0.228
   Compiling writeable v0.5.5
   Compiling strsim v0.11.1
   Compiling parking_lot_core v0.9.10
   Compiling litemap v0.7.4
   Compiling bitflags v2.6.0
   Compiling log v0.4.22
   Compiling regex-syntax v0.8.5
   Compiling fnv v1.0.7
   Compiling ident_case v1.0.1
   Compiling icu_locid_transform_data v1.5.0
   Compiling vcpkg v0.2.15
   Compiling utf8parse v0.2.2
   Compiling icu_properties_data v1.5.0
   Compiling linux-raw-sys v0.4.15
   Compiling autocfg v1.4.0
   Compiling anstyle v1.0.10
   Compiling utf16_iter v1.0.5
   Compiling is_terminal_polyfill v1.70.1
   Compiling rayon-core v1.12.1
   Compiling icu_normalizer_data v1.5.0
   Compiling anstyle-query v1.1.2
   Compiling signal-hook v0.3.18
   Compiling itoa v1.0.14
   Compiling utf8_iter v1.0.4
   Compiling write16 v1.0.0
   Compiling colorchoice v1.0.3
   Compiling powerfmt v0.2.0
   Compiling hashbrown v0.16.1
   Compiling equivalent v1.0.1
   Compiling prettyplease v0.2.37
   Compiling scopeguard v1.2.0
   Compiling anyhow v1.0.97
   Compiling either v1.13.0
   Compiling anstyle-parse v0.2.6
   Compiling clap_lex v0.7.4
   Compiling winnow v0.7.14
   Compiling adler2 v2.0.0
   Compiling ryu v1.0.18
   Compiling serde_json v1.0.135
   Compiling percent-encoding v2.3.1
   Compiling num-conv v0.2.0
   Compiling thiserror v1.0.69
   Compiling time-core v0.1.8
   Compiling unicode-width v0.2.1
   Compiling thiserror v2.0.16
   Compiling same-file v1.0.6
   Compiling deranged v0.5.5
   Compiling toml_writer v1.0.4
   Compiling anstream v0.6.18
   Compiling miniz_oxide v0.8.9
   Compiling crc32fast v1.4.2
   Compiling linked-hash-map v0.5.6
   Compiling semver v1.0.25
   Compiling bytemuck v1.21.0
   Compiling walkdir v2.5.0
   Compiling form_urlencoded v1.2.1
   Compiling bugreport v0.5.1
   Compiling once_cell v1.20.2
   Compiling base64 v0.22.1
   Compiling itertools v0.14.0
   Compiling xterm-color v1.0.1
   Compiling unsafe-libyaml v0.2.11
   Compiling termcolor v1.4.1
   Compiling shell-escape v0.1.5
   Compiling std_prelude v0.2.12
   Compiling encoding_rs v0.8.35
   Compiling path_abs v0.5.1
   Compiling yaml-rust v0.4.5
   Compiling clircle v0.6.1
   Compiling textwrap v0.16.2
   Compiling etcetera v0.11.0
   Compiling unicode-segmentation v1.12.0
   Compiling rgb v0.8.50
   Compiling lock_api v0.4.12
   Compiling shell-words v1.1.1
   Compiling wild v2.2.1
   Compiling nu-ansi-term v0.50.3
   Compiling bytesize v1.3.0
   Compiling aho-corasick v1.1.3
   Compiling quick-xml v0.32.0
   Compiling content_inspector v0.2.4
   Compiling crossbeam-epoch v0.9.18
   Compiling crossbeam-channel v0.5.15
   Compiling quote v1.0.40
   Compiling flate2 v1.1.2
   Compiling ansi_colours v1.2.3
   Compiling indexmap v2.13.0
   Compiling signal-hook-registry v1.4.6
   Compiling mio v0.8.11
   Compiling mio v1.1.0
   Compiling terminal-trx v0.2.5
   Compiling jobserver v0.1.32
   Compiling syn v2.0.108
   Compiling crossbeam-deque v0.8.6
   Compiling parking_lot v0.12.3
   Compiling cc v1.2.7
   Compiling terminal-colorsaurus v1.0.1
   Compiling terminal_size v0.4.1
   Compiling clap_builder v4.5.56
   Compiling console v0.16.2
   Compiling signal-hook-mio v0.2.4
   Compiling crossterm v0.27.0
   Compiling time v0.3.47
   Compiling rayon v1.10.0
   Compiling regex-automata v0.4.13
   Compiling toml_parser v1.0.4
   Compiling libz-sys v1.1.21
   Compiling onig_sys v69.9.1
   Compiling libgit2-sys v0.18.3+1.9.2
   Compiling toml_datetime v0.7.3
   Compiling serde_spanned v1.0.3
   Compiling clap v4.5.56
   Compiling toml v0.9.8
   Compiling regex v1.12.2
   Compiling plist v1.7.0
   Compiling bincode v1.3.3
   Compiling serde_yaml v0.9.34+deprecated
   Compiling sysinfo v0.33.1
   Compiling synstructure v0.13.1
   Compiling darling_core v0.21.3
   Compiling zerofrom-derive v0.1.5
   Compiling yoke-derive v0.7.5
   Compiling zerovec-derive v0.10.3
   Compiling displaydoc v0.2.5
   Compiling icu_provider_macros v1.5.0
   Compiling serde_derive v1.0.228
   Compiling git-version-macro v0.3.9
   Compiling thiserror-impl v2.0.16
   Compiling thiserror-impl v1.0.69
   Compiling bstr v1.11.3
   Compiling git-version v0.3.9
   Compiling onig v6.5.1
   Compiling zerofrom v0.1.5
   Compiling yoke v0.7.5
   Compiling minus v5.6.1
   Compiling globset v0.4.18
   Compiling zerovec v0.10.4
   Compiling darling_macro v0.21.3
   Compiling grep-cli v0.1.12
   Compiling darling v0.21.3
   Compiling serde_with_macros v3.16.1
   Compiling tinystr v0.7.6
   Compiling icu_collections v1.5.0
   Compiling icu_locid v1.5.0
   Compiling syntect v5.3.0
   Compiling serde_with v3.16.1
   Compiling icu_provider v1.5.0
   Compiling bat v0.26.1 (/home/cc/Label/sharkdp_bat_measure)
   Compiling icu_locid_transform v1.5.0
   Compiling icu_properties v1.5.1
   Compiling icu_normalizer v1.5.0
   Compiling idna_adapter v1.2.0
   Compiling idna v1.0.3
   Compiling url v2.5.4
   Compiling git2 v0.20.3
    Finished `release` profile [optimized] target(s) in 1m 03s
=== [3/5] Run 阶段：执行 bat 渲染文件（重复多次以稳定采样峰值） ===
=== [4/5] 汇总峰值 ===
=== [5/5] 输出 JSON ===
测量完成：/home/cc/Label/result/sharkdp_bat.json
BUILD_PEAK_GB=3.8125
RUN_PEAK_GB=0.0072
DISK_GB=0.4182
BUILD_RUNTIME_S=64
RUN_RUNTIME_S=0
