=== env ===
node v20.20.0, npm 10.8.2, pnpm 10.13.1
=== build: pnpm install --frozen-lockfile ===
Scope: all 18 workspace projects
 WARN  There are cyclic workspace dependencies: /home/cc/Label/vuejs_core_measure/packages/server-renderer, /home/cc/Label/vuejs_core_measure/packages/vue
Lockfile is up to date, resolution step is skipped
Progress: resolved 1, reused 0, downloaded 0, added 0
Packages: +590
++++++++++++++++++++++++++++++++++++++++++++++++++++++++++++++++++++++++++++++++
Progress: resolved 590, reused 334, downloaded 81, added 12
Progress: resolved 590, reused 334, downloaded 251, added 390
Progress: resolved 590, reused 334, downloaded 251, added 391
Progress: resolved 590, reused 334, downloaded 252, added 584
Progress: resolved 590, reused 334, downloaded 253, added 584
Progress: resolved 590, reused 334, downloaded 256, added 590, done
.../node_modules/@swc/core postinstall$ node postinstall.js
.../node_modules/puppeteer postinstall$ node install.mjs
.../node_modules/unrs-resolver postinstall$ napi-postinstall unrs-resolver 1.11.1 check
.../node_modules/simple-git-hooks postinstall$ node ./postinstall.js
.../esbuild@0.27.3/node_modules/esbuild postinstall$ node install.js
.../node_modules/@swc/core postinstall: Done
.../node_modules/unrs-resolver postinstall: Done
.../esbuild@0.27.3/node_modules/esbuild postinstall: Done
.../node_modules/simple-git-hooks postinstall: [INFO] Successfully set the pre-commit with command: pnpm lint-staged && pnpm check
.../node_modules/simple-git-hooks postinstall: [INFO] Successfully set the commit-msg with command: node scripts/verify-commit.js
.../node_modules/simple-git-hooks postinstall: Done
.../node_modules/puppeteer postinstall: **INFO** Skipping Firefox download as instructed.
.../node_modules/puppeteer postinstall: chrome-headless-shell (145.0.7632.46) downloaded to /home/cc/.cache/puppeteer/chrome-headless-shell/linux-145.0.7632.46
.../node_modules/puppeteer postinstall: chrome (145.0.7632.46) downloaded to /home/cc/.cache/puppeteer/chrome/linux-145.0.7632.46
.../node_modules/puppeteer postinstall: Done

devDependencies:
+ @babel/parser 7.29.0
+ @babel/types 7.29.0
+ @rollup/plugin-alias 6.0.0
+ @rollup/plugin-commonjs 29.0.0
+ @rollup/plugin-json 6.1.0
+ @rollup/plugin-node-resolve 16.0.3
+ @rollup/plugin-replace 5.0.4
+ @swc/core 1.15.11
+ @types/hash-sum 1.0.2
+ @types/node 24.10.12
+ @types/semver 7.7.1
+ @types/serve-handler 6.1.4
+ @vitest/coverage-v8 4.0.18
+ @vitest/eslint-plugin 1.6.6
+ @vue/consolidate 1.0.0
+ conventional-changelog-cli 5.0.0
+ enquirer 2.4.1
+ esbuild 0.27.3
+ esbuild-plugin-polyfill-node 0.3.0
+ eslint 10.0.0
+ eslint-plugin-import-x 4.16.1
+ estree-walker 2.0.2
+ jsdom 28.0.0
+ lint-staged 16.2.7
+ lodash 4.17.23
+ magic-string 0.30.21
+ markdown-table 3.0.4
+ marked 13.0.3
+ npm-run-all2 8.0.4
+ picocolors 1.1.1
+ prettier 3.8.1
+ pretty-bytes 7.1.0
+ pug 3.0.3
+ puppeteer 24.37.2
+ rimraf 6.1.2
+ rollup 4.57.1
+ rollup-plugin-dts 6.3.0
+ rollup-plugin-esbuild 6.2.1
+ rollup-plugin-polyfill-node 0.13.0
+ semver 7.7.4
+ serve 14.2.5
+ serve-handler 6.1.6
+ simple-git-hooks 2.13.1
+ todomvc-app-css 2.4.3
+ tslib 2.8.1
+ typescript 5.6.3
+ typescript-eslint 8.54.0
+ vite 7.3.1
+ vitest 4.0.18

. postinstall$ simple-git-hooks
. postinstall: [INFO] Successfully set the pre-commit with command: pnpm lint-staged && pnpm check
. postinstall: [INFO] Successfully set the commit-msg with command: node scripts/verify-commit.js
. postinstall: [INFO] Successfully set all git hooks
. postinstall: Done
Done in 25.3s using pnpm v10.29.2
build_peak_ram_gb=1.3253
build_runtime_seconds=29.36
=== run: pnpm test runtime-core --run ===

> @3.5.28 test /home/cc/Label/vuejs_core_measure
> vitest runtime-core --run


 RUN  v4.0.18 /home/cc/Label/vuejs_core_measure

 ✓ |unit| packages/runtime-core/__tests__/helpers/createSlots.spec.ts (6 tests) 16ms
 ✓ |unit| packages/runtime-core/__tests__/helpers/renderSlot.spec.ts (7 tests) 18ms
 ✓ |unit| packages/runtime-core/__tests__/helpers/toHandlers.spec.ts (2 tests) 12ms
 ✓ |unit| packages/runtime-core/__tests__/h.spec.ts (6 tests) 28ms
 ✓ |unit| packages/runtime-core/__tests__/helpers/renderList.spec.ts (10 tests) 29ms
 ✓ |unit| packages/runtime-core/__tests__/scheduler.spec.ts (37 tests) 50ms
 ✓ |unit| packages/runtime-core/__tests__/misc.spec.ts (1 test) 23ms
 ✓ |unit| packages/runtime-core/__tests__/component.spec.ts (9 tests) 34ms
 ✓ |unit| packages/runtime-core/__tests__/vnodeHooks.spec.ts (2 tests) 37ms
 ✓ |unit| packages/runtime-core/__tests__/rendererElement.spec.ts (6 tests) 33ms
 ✓ |unit| packages/runtime-core/__tests__/rendererFragment.spec.ts (13 tests) 56ms
 ✓ |unit| packages/runtime-core/__tests__/componentPublicInstance.spec.ts (14 tests) 62ms
 ✓ |unit| packages/runtime-core/__tests__/helpers/resolveAssets.spec.ts (7 tests) 53ms
 ✓ |unit| packages/runtime-core/__tests__/componentSlots.spec.ts (17 tests) 103ms
 ✓ |unit| packages/runtime-core/__tests__/apiLifecycle.spec.ts (14 tests) 85ms
 ✓ |unit| packages/runtime-core/__tests__/scopeId.spec.ts (12 tests) 71ms
 ✓ |unit| packages/runtime-core/__tests__/apiSetupContext.spec.ts (7 tests) 85ms
 ✓ |unit| packages/runtime-core/__tests__/rendererChildren.spec.ts (38 tests) 123ms
 ✓ |unit| packages/runtime-core/__tests__/apiCreateApp.spec.ts (22 tests) 110ms
 ✓ |unit| packages/runtime-core/__tests__/componentEmits.spec.ts (27 tests) 108ms
 ✓ |unit| packages/runtime-core/__tests__/errorHandling.spec.ts (21 tests) 115ms
 ✓ |unit| packages/runtime-core/__tests__/apiSetupHelpers.spec.ts (17 tests) 110ms
 ✓ |unit| packages/runtime-core/__tests__/directives.spec.ts (7 tests) 105ms
 ✓ |unit| packages/runtime-core/__tests__/apiInject.spec.ts (19 tests) 98ms
 ✓ |unit| packages/runtime-core/__tests__/helpers/useTemplateRef.spec.ts (15 tests) 101ms
 ✓ |unit| packages/runtime-core/__tests__/apiExpose.spec.ts (11 tests) 97ms
 ✓ |unit| packages/runtime-core/__tests__/helpers/useModel.spec.ts (14 tests) 132ms
 ✓ |unit| packages/runtime-core/__tests__/vnode.spec.ts (48 tests) 153ms
 ✓ |unit| packages/runtime-core/__tests__/rendererComponent.spec.ts (16 tests) 132ms
 ✓ |unit| packages/runtime-core/__tests__/rendererTemplateRef.spec.ts (24 tests) 283ms
 ✓ |unit| packages/runtime-core/__tests__/apiAsyncComponent.spec.ts (22 tests) 302ms
 ✓ |unit| packages/runtime-core/__tests__/rendererOptimizedMode.spec.ts (34 tests) 330ms
 ✓ |unit| packages/runtime-core/__tests__/components/KeepAlive.spec.ts (32 tests) 368ms
 ✓ |unit| packages/runtime-core/__tests__/components/BaseTransition.spec.ts (35 tests) 371ms
 ✓ |unit| packages/runtime-core/__tests__/hmr.spec.ts (25 tests) 194ms
 ✓ |unit| packages/runtime-core/__tests__/apiWatch.spec.ts (84 tests) 146ms
 ✓ |unit| packages/runtime-core/__tests__/helpers/withMemo.spec.ts (7 tests) 99ms
 ✓ |unit| packages/runtime-core/__tests__/componentProps.spec.ts (28 tests) 143ms
 ✓ |unit| packages/runtime-core/__tests__/apiOptions.spec.ts (48 tests) 140ms
 ✓ |unit| packages/runtime-core/__tests__/rendererAttrsFallthrough.spec.ts (22 tests) 179ms
 ✓ |unit| packages/runtime-core/__tests__/components/Teleport.spec.ts (47 tests) 241ms
 ✓ |unit| packages/runtime-core/__tests__/components/Suspense.spec.ts (44 tests) 518ms
 ✓ |unit| packages/runtime-core/__tests__/helpers/useId.spec.ts (8 tests) 339ms
 ✓ |unit| packages/runtime-core/__tests__/hydration.spec.ts (104 tests) 693ms

 Test Files  44 passed (44)
      Tests  989 passed (989)
   Start at  08:27:30
   Duration  5.22s (transform 55.45s, setup 2.22s, import 87.71s, tests 6.53s, environment 9.13s)

run_peak_ram_gb=1.8915
run_runtime_seconds=7.61
peak_disk_gb=0.3270
