=== Measure yhirose_cpp-httplib ===
Repo: https://github.com/yhirose/cpp-httplib
[1/6] Clone repo
Cloning into '/home/cc/Label/yhirose_cpp-httplib_measure'...
[2/6] Configure MVW build
-- The CXX compiler identification is GNU 14.3.0
-- Detecting CXX compiler ABI info
-- Detecting CXX compiler ABI info - done
-- Check for working CXX compiler: /home/cc/miniforge3/bin/x86_64-conda-linux-gnu-c++ - skipped
-- Detecting CXX compile features
-- Detecting CXX compile features - done
-- Performing Test CMAKE_HAVE_LIBC_PTHREAD
-- Performing Test CMAKE_HAVE_LIBC_PTHREAD - Failed
-- Check if compiler accepts -pthread
-- Check if compiler accepts -pthread - yes
-- Found Threads: TRUE  
-- Could NOT find GTest (missing: GTEST_LIBRARY GTEST_INCLUDE_DIR GTEST_MAIN_LIBRARY) 
-- The C compiler identification is GNU 14.3.0
-- Detecting C compiler ABI info
-- Detecting C compiler ABI info - done
-- Check for working C compiler: /home/cc/miniforge3/bin/x86_64-conda-linux-gnu-cc - skipped
-- Detecting C compile features
-- Detecting C compile features - done
-- Found CURL: /home/cc/miniforge3/lib/libcurl.so (found version "8.18.0")  
-- Configuring done (2.6s)
-- Generating done (0.0s)
-- Build files have been written to: /home/cc/Label/yhirose_cpp-httplib_measure/build_minhw
[3/6] Build with process-group monitor
[ 10%] Building CXX object _deps/gtest-build/googletest/CMakeFiles/gtest.dir/src/gtest-all.cc.o
[ 20%] Linking CXX static library ../../../lib/libgtest.a
[ 20%] Built target gtest
[ 30%] Building CXX object _deps/gtest-build/googletest/CMakeFiles/gtest_main.dir/src/gtest_main.cc.o
[ 40%] Linking CXX static library ../../../lib/libgtest_main.a
[ 40%] Built target gtest_main
[ 50%] Building CXX object test/CMakeFiles/httplib-test.dir/test.cc.o
[ 60%] Building CXX object test/CMakeFiles/httplib-test.dir/include_httplib.cc.o
[ 70%] Linking CXX executable httplib-test
[ 70%] Built target httplib-test
[ 80%] Building CXX object test/fuzzing/CMakeFiles/httplib-test-fuzz.dir/server_fuzzer.cc.o
[ 90%] Building CXX object test/fuzzing/CMakeFiles/httplib-test-fuzz.dir/standalone_fuzz_target_runner.cpp.o
[100%] Linking CXX executable httplib-test-fuzz
[100%] Built target httplib-test-fuzz
[4/6] Run tests with process-group monitor
Internal ctest changing into directory: /home/cc/Label/yhirose_cpp-httplib_measure/build_minhw
Test project /home/cc/Label/yhirose_cpp-httplib_measure/build_minhw
        Start   1: BenchmarkTest.localhost
  1/463 Test   #1: BenchmarkTest.localhost ........................................................   Passed    0.04 sec
        Start   2: BenchmarkTest.v6
  2/463 Test   #2: BenchmarkTest.v6 ...............................................................   Passed    0.04 sec
        Start   3: UnixSocketTest.pathname
  3/463 Test   #3: UnixSocketTest.pathname ........................................................   Passed    0.03 sec
        Start   4: UnixSocketTest.PeerPid
  4/463 Test   #4: UnixSocketTest.PeerPid .........................................................   Passed    0.04 sec
        Start   5: UnixSocketTest.abstract
  5/463 Test   #5: UnixSocketTest.abstract ........................................................   Passed    0.04 sec
        Start   6: UnixSocketTest.HostHeaderAutoSet
  6/463 Test   #6: UnixSocketTest.HostHeaderAutoSet ...............................................   Passed    0.03 sec
        Start   7: SocketStream.wait_writable_UNIX
  7/463 Test   #7: SocketStream.wait_writable_UNIX ................................................   Passed    0.03 sec
        Start   8: SocketStream.wait_writable_INET
  8/463 Test   #8: SocketStream.wait_writable_INET ................................................   Passed    0.13 sec
        Start   9: ClientTest.MoveConstructible
  9/463 Test   #9: ClientTest.MoveConstructible ...................................................   Passed    0.03 sec
        Start  10: ClientTest.MoveAssignable
 10/463 Test  #10: ClientTest.MoveAssignable ......................................................   Passed    0.03 sec
        Start  11: DecodePathTest.PercentCharacter
 11/463 Test  #11: DecodePathTest.PercentCharacter ................................................   Passed    0.03 sec
        Start  12: DecodePathTest.PercentCharacterNUL
 12/463 Test  #12: DecodePathTest.PercentCharacterNUL .............................................   Passed    0.03 sec
        Start  13: EncodeQueryParamTest.ParseUnescapedChararactersTest
 13/463 Test  #13: EncodeQueryParamTest.ParseUnescapedChararactersTest ............................   Passed    0.03 sec
        Start  14: EncodeQueryParamTest.ParseReservedCharactersTest
 14/463 Test  #14: EncodeQueryParamTest.ParseReservedCharactersTest ...............................   Passed    0.03 sec
        Start  15: EncodeQueryParamTest.TestUTF8Characters
 15/463 Test  #15: EncodeQueryParamTest.TestUTF8Characters ........................................   Passed    0.03 sec
        Start  16: ClientQueryOrder.PreserveOrder
 16/463 Test  #16: ClientQueryOrder.PreserveOrder .................................................   Passed    0.04 sec
        Start  17: EncodeUriComponentTest.ParseUnescapedChararactersTest
 17/463 Test  #17: EncodeUriComponentTest.ParseUnescapedChararactersTest ..........................   Passed    0.03 sec
        Start  18: EncodeUriComponentTest.ParseReservedCharactersTest
 18/463 Test  #18: EncodeUriComponentTest.ParseReservedCharactersTest .............................   Passed    0.03 sec
        Start  19: EncodeUriComponentTest.TestUTF8Characters
 19/463 Test  #19: EncodeUriComponentTest.TestUTF8Characters ......................................   Passed    0.03 sec
        Start  20: EncodeUriComponentTest.TestPathComponentEncoding
 20/463 Test  #20: EncodeUriComponentTest.TestPathComponentEncoding ...............................   Passed    0.03 sec
        Start  21: EncodeUriTest.ParseUnescapedChararactersTest
 21/463 Test  #21: EncodeUriTest.ParseUnescapedChararactersTest ...................................   Passed    0.03 sec
        Start  22: EncodeUriTest.ParseReservedCharactersTest
 22/463 Test  #22: EncodeUriTest.ParseReservedCharactersTest ......................................   Passed    0.03 sec
        Start  23: EncodeUriTest.TestUTF8Characters
 23/463 Test  #23: EncodeUriTest.TestUTF8Characters ...............................................   Passed    0.03 sec
        Start  24: EncodeUriTest.TestCompleteUri
 24/463 Test  #24: EncodeUriTest.TestCompleteUri ..................................................   Passed    0.03 sec
        Start  25: EncodeUriTest.TestUriWithSpacesAndSpecialChars
 25/463 Test  #25: EncodeUriTest.TestUriWithSpacesAndSpecialChars .................................   Passed    0.03 sec
        Start  26: DecodeUriComponentTest.ParseEncodedChararactersTest
 26/463 Test  #26: DecodeUriComponentTest.ParseEncodedChararactersTest ............................   Passed    0.03 sec
        Start  27: DecodeUriComponentTest.ParseUnescapedChararactersTest
 27/463 Test  #27: DecodeUriComponentTest.ParseUnescapedChararactersTest ..........................   Passed    0.03 sec
        Start  28: DecodeUriComponentTest.TestUTF8Characters
 28/463 Test  #28: DecodeUriComponentTest.TestUTF8Characters ......................................   Passed    0.03 sec
        Start  29: DecodeUriComponentTest.TestPathComponentDecoding
 29/463 Test  #29: DecodeUriComponentTest.TestPathComponentDecoding ...............................   Passed    0.03 sec
        Start  30: DecodeUriComponentTest.TestRoundTripWithEncodeUriComponent
 30/463 Test  #30: DecodeUriComponentTest.TestRoundTripWithEncodeUriComponent .....................   Passed    0.03 sec
        Start  31: DecodeUriTest.ParseEncodedChararactersTest
 31/463 Test  #31: DecodeUriTest.ParseEncodedChararactersTest .....................................   Passed    0.03 sec
        Start  32: DecodeUriTest.ParseUnescapedChararactersTest
 32/463 Test  #32: DecodeUriTest.ParseUnescapedChararactersTest ...................................   Passed    0.03 sec
        Start  33: DecodeUriTest.TestUTF8Characters
 33/463 Test  #33: DecodeUriTest.TestUTF8Characters ...............................................   Passed    0.03 sec
        Start  34: DecodeUriTest.TestCompleteUri
 34/463 Test  #34: DecodeUriTest.TestCompleteUri ..................................................   Passed    0.03 sec
        Start  35: DecodeUriTest.TestRoundTripWithEncodeUri
 35/463 Test  #35: DecodeUriTest.TestRoundTripWithEncodeUri .......................................   Passed    0.03 sec
        Start  36: TrimTests.TrimStringTests
 36/463 Test  #36: TrimTests.TrimStringTests ......................................................   Passed    0.03 sec
        Start  37: ParseAcceptHeaderTest.BasicAcceptParsing
 37/463 Test  #37: ParseAcceptHeaderTest.BasicAcceptParsing .......................................   Passed    0.03 sec
        Start  38: ParseAcceptHeaderTest.MixedQualityValues
 38/463 Test  #38: ParseAcceptHeaderTest.MixedQualityValues .......................................   Passed    0.03 sec
        Start  39: ParseAcceptHeaderTest.EdgeCases
 39/463 Test  #39: ParseAcceptHeaderTest.EdgeCases ................................................   Passed    0.03 sec
        Start  40: ParseAcceptHeaderTest.RealWorldExamples
 40/463 Test  #40: ParseAcceptHeaderTest.RealWorldExamples ........................................   Passed    0.03 sec
        Start  41: ParseAcceptHeaderTest.SpecialCases
 41/463 Test  #41: ParseAcceptHeaderTest.SpecialCases .............................................   Passed    0.03 sec
        Start  42: ParseAcceptHeaderTest.InvalidCases
 42/463 Test  #42: ParseAcceptHeaderTest.InvalidCases .............................................   Passed    0.03 sec
        Start  43: ParseAcceptHeaderTest.ContentTypesPopulatedAndInvalidHeaderHandling
 43/463 Test  #43: ParseAcceptHeaderTest.ContentTypesPopulatedAndInvalidHeaderHandling ............   Passed    0.03 sec
        Start  44: DivideTest.DivideStringTests
 44/463 Test  #44: DivideTest.DivideStringTests ...................................................   Passed    0.03 sec
        Start  45: SplitTest.ParseQueryString
 45/463 Test  #45: SplitTest.ParseQueryString .....................................................   Passed    0.03 sec
        Start  46: SplitTest.ParseInvalidQueryTests
 46/463 Test  #46: SplitTest.ParseInvalidQueryTests ...............................................   Passed    0.03 sec
        Start  47: ParseQueryTest.ParseQueryString
 47/463 Test  #47: ParseQueryTest.ParseQueryString ................................................   Passed    0.03 sec
        Start  48: ParamsToQueryTest.ConvertParamsToQuery
 48/463 Test  #48: ParamsToQueryTest.ConvertParamsToQuery .........................................   Passed    0.03 sec
        Start  49: ParseMultipartBoundaryTest.DefaultValue
 49/463 Test  #49: ParseMultipartBoundaryTest.DefaultValue ........................................   Passed    0.03 sec
        Start  50: ParseMultipartBoundaryTest.ValueWithQuote
 50/463 Test  #50: ParseMultipartBoundaryTest.ValueWithQuote ......................................   Passed    0.03 sec
        Start  51: ParseMultipartBoundaryTest.ValueWithCharset
 51/463 Test  #51: ParseMultipartBoundaryTest.ValueWithCharset ....................................   Passed    0.03 sec
        Start  52: ParseMultipartBoundaryTest.ValueWithQuotesAndCharset
 52/463 Test  #52: ParseMultipartBoundaryTest.ValueWithQuotesAndCharset ...........................   Passed    0.03 sec
        Start  53: GetHeaderValueTest.DefaultValue
 53/463 Test  #53: GetHeaderValueTest.DefaultValue ................................................   Passed    0.03 sec
        Start  54: GetHeaderValueTest.DefaultValueInt
 54/463 Test  #54: GetHeaderValueTest.DefaultValueInt .............................................   Passed    0.03 sec
        Start  55: GetHeaderValueTest.RegularValue
 55/463 Test  #55: GetHeaderValueTest.RegularValue ................................................   Passed    0.03 sec
        Start  56: GetHeaderValueTest.RegularValueWithDifferentCase
 56/463 Test  #56: GetHeaderValueTest.RegularValueWithDifferentCase ...............................   Passed    0.03 sec
        Start  57: GetHeaderValueTest.SetContent
 57/463 Test  #57: GetHeaderValueTest.SetContent ..................................................   Passed    0.03 sec
        Start  58: GetHeaderValueTest.RegularValueInt
 58/463 Test  #58: GetHeaderValueTest.RegularValueInt .............................................   Passed    0.03 sec
        Start  59: GetHeaderValueTest.RegularInvalidValueInt
 59/463 Test  #59: GetHeaderValueTest.RegularInvalidValueInt ......................................   Passed    0.03 sec
        Start  60: GetHeaderValueTest.Range
 60/463 Test  #60: GetHeaderValueTest.Range .......................................................   Passed    0.03 sec
        Start  61: ParseHeaderValueTest.Range
 61/463 Test  #61: ParseHeaderValueTest.Range .....................................................   Passed    0.03 sec
        Start  62: ParseAcceptEncoding1.AcceptEncoding
 62/463 Test  #62: ParseAcceptEncoding1.AcceptEncoding ............................................   Passed    0.03 sec
        Start  63: ParseAcceptEncoding2.AcceptEncoding
 63/463 Test  #63: ParseAcceptEncoding2.AcceptEncoding ............................................   Passed    0.03 sec
        Start  64: ParseAcceptEncoding3.AcceptEncoding
 64/463 Test  #64: ParseAcceptEncoding3.AcceptEncoding ............................................   Passed    0.03 sec
        Start  65: BufferStreamTest.read
 65/463 Test  #65: BufferStreamTest.read ..........................................................   Passed    0.03 sec
        Start  66: HostnameToIPConversionTest.HTTPWatch_Online
 66/463 Test  #66: HostnameToIPConversionTest.HTTPWatch_Online ....................................   Passed    0.13 sec
        Start  67: ChunkedEncodingTest.NormalGet
 67/463 Test  #67: ChunkedEncodingTest.NormalGet ..................................................   Passed    0.37 sec
        Start  68: ChunkedEncodingTest.WithContentReceiver
 68/463 Test  #68: ChunkedEncodingTest.WithContentReceiver ........................................   Passed    0.37 sec
        Start  69: ChunkedEncodingTest.WithResponseHandlerAndContentReceiver
 69/463 Test  #69: ChunkedEncodingTest.WithResponseHandlerAndContentReceiver ......................   Passed    0.37 sec
        Start  70: RangeTest.FromHTTPBin_Online
 70/463 Test  #70: RangeTest.FromHTTPBin_Online ...................................................   Passed    1.91 sec
        Start  71: GetAddrInfoDanglingRefTest.LongTimeout
 71/463 Test  #71: GetAddrInfoDanglingRefTest.LongTimeout .........................................   Passed    8.04 sec
        Start  72: ConnectionErrorTest.InvalidHost
 72/463 Test  #72: ConnectionErrorTest.InvalidHost ................................................   Passed    0.06 sec
        Start  73: ConnectionErrorTest.InvalidHost2
 73/463 Test  #73: ConnectionErrorTest.InvalidHost2 ...............................................   Passed    0.04 sec
        Start  74: ConnectionErrorTest.InvalidHostCheckResultErrorToString
 74/463 Test  #74: ConnectionErrorTest.InvalidHostCheckResultErrorToString ........................   Passed    0.03 sec
        Start  75: ConnectionErrorTest.InvalidPort
 75/463 Test  #75: ConnectionErrorTest.InvalidPort ................................................   Passed    0.03 sec
        Start  76: ConnectionErrorTest.Timeout_Online
 76/463 Test  #76: ConnectionErrorTest.Timeout_Online .............................................   Passed    2.03 sec
        Start  77: CancelTest.NoCancel_Online
 77/463 Test  #77: CancelTest.NoCancel_Online .....................................................   Passed    0.34 sec
        Start  78: CancelTest.WithCancelSmallPayload_Online
 78/463 Test  #78: CancelTest.WithCancelSmallPayload_Online .......................................   Passed    0.37 sec
        Start  79: CancelTest.WithCancelLargePayload_Online
 79/463 Test  #79: CancelTest.WithCancelLargePayload_Online .......................................   Passed    0.33 sec
        Start  80: CancelTest.NoCancelPost
 80/463 Test  #80: CancelTest.NoCancelPost ........................................................   Passed    0.04 sec
        Start  81: CancelTest.WithCancelSmallPayloadPost
 81/463 Test  #81: CancelTest.WithCancelSmallPayloadPost ..........................................   Passed    0.04 sec
        Start  82: CancelTest.WithCancelLargePayloadPost
 82/463 Test  #82: CancelTest.WithCancelLargePayloadPost ..........................................   Passed    0.07 sec
        Start  83: CancelTest.NoCancelPut
 83/463 Test  #83: CancelTest.NoCancelPut .........................................................   Passed    0.04 sec
        Start  84: CancelTest.WithCancelSmallPayloadPut
 84/463 Test  #84: CancelTest.WithCancelSmallPayloadPut ...........................................   Passed    0.04 sec
        Start  85: CancelTest.WithCancelLargePayloadPut
 85/463 Test  #85: CancelTest.WithCancelLargePayloadPut ...........................................   Passed    0.07 sec
        Start  86: CancelTest.NoCancelPatch
 86/463 Test  #86: CancelTest.NoCancelPatch .......................................................   Passed    0.03 sec
        Start  87: CancelTest.WithCancelSmallPayloadPatch
 87/463 Test  #87: CancelTest.WithCancelSmallPayloadPatch .........................................   Passed    0.04 sec
        Start  88: CancelTest.WithCancelLargePayloadPatch
 88/463 Test  #88: CancelTest.WithCancelLargePayloadPatch .........................................   Passed    0.07 sec
        Start  89: CancelTest.NoCancelDelete
 89/463 Test  #89: CancelTest.NoCancelDelete ......................................................   Passed    0.04 sec
        Start  90: CancelTest.WithCancelSmallPayloadDelete
 90/463 Test  #90: CancelTest.WithCancelSmallPayloadDelete ........................................   Passed    0.03 sec
        Start  91: CancelTest.WithCancelLargePayloadDelete
 91/463 Test  #91: CancelTest.WithCancelLargePayloadDelete ........................................   Passed    0.07 sec
        Start  92: BaseAuthTest.FromHTTPWatch_Online
 92/463 Test  #92: BaseAuthTest.FromHTTPWatch_Online ..............................................   Passed    1.57 sec
        Start  93: SpecifyServerIPAddressTest.AnotherHostname_Online
 93/463 Test  #93: SpecifyServerIPAddressTest.AnotherHostname_Online ..............................   Passed    0.13 sec
        Start  94: SpecifyServerIPAddressTest.RealHostname_Online
 94/463 Test  #94: SpecifyServerIPAddressTest.RealHostname_Online .................................   Passed    0.03 sec
        Start  95: AbsoluteRedirectTest.Redirect_Online
 95/463 Test  #95: AbsoluteRedirectTest.Redirect_Online ...........................................   Passed    1.22 sec
        Start  96: RedirectTest.Redirect_Online
 96/463 Test  #96: RedirectTest.Redirect_Online ...................................................   Passed    1.24 sec
        Start  97: RedirectTest.RedirectToUrlWithPlusInQueryParameters
 97/463 Test  #97: RedirectTest.RedirectToUrlWithPlusInQueryParameters ............................   Passed    0.04 sec
        Start  98: RelativeRedirectTest.Redirect_Online
 98/463 Test  #98: RelativeRedirectTest.Redirect_Online ...........................................   Passed    1.24 sec
        Start  99: TooManyRedirectTest.Redirect_Online
 99/463 Test  #99: TooManyRedirectTest.Redirect_Online ............................................   Passed    6.46 sec
        Start 100: ReceiveSignals.Signal
100/463 Test #100: ReceiveSignals.Signal ..........................................................   Passed    0.14 sec
        Start 101: RedirectToDifferentPort.Redirect
101/463 Test #101: RedirectToDifferentPort.Redirect ...............................................   Passed    0.06 sec
        Start 102: RedirectFromPageWithContent.Redirect
102/463 Test #102: RedirectFromPageWithContent.Redirect ...........................................   Passed    0.04 sec
        Start 103: RedirectFromPageWithContentIP6.Redirect
103/463 Test #103: RedirectFromPageWithContentIP6.Redirect ........................................   Passed    0.04 sec
        Start 104: PathUrlEncodeTest.PathUrlEncode
104/463 Test #104: PathUrlEncodeTest.PathUrlEncode ................................................   Passed    0.04 sec
        Start 105: PathUrlEncodeTest.IncludePercentEncodingLF
105/463 Test #105: PathUrlEncodeTest.IncludePercentEncodingLF .....................................   Passed    0.04 sec
        Start 106: BindServerTest.BindDualStack
106/463 Test #106: BindServerTest.BindDualStack ...................................................***Not Run (Disabled)   0.00 sec
        Start 107: BindServerTest.BindAndListenSeparately
107/463 Test #107: BindServerTest.BindAndListenSeparately .........................................   Passed    0.03 sec
        Start 108: ErrorHandlerTest.ContentLength
108/463 Test #108: ErrorHandlerTest.ContentLength .................................................   Passed    0.04 sec
        Start 109: ExceptionTest.WithoutExceptionHandler
109/463 Test #109: ExceptionTest.WithoutExceptionHandler ..........................................   Passed    0.04 sec
        Start 110: ExceptionTest.WithExceptionHandler
110/463 Test #110: ExceptionTest.WithExceptionHandler .............................................   Passed    0.34 sec
        Start 111: ExceptionTest.AndErrorHandler
111/463 Test #111: ExceptionTest.AndErrorHandler ..................................................   Passed    0.04 sec
        Start 112: NoContentTest.ContentLength
112/463 Test #112: NoContentTest.ContentLength ....................................................   Passed    0.04 sec
        Start 113: RoutingHandlerTest.PreAndPostRoutingHandlers
113/463 Test #113: RoutingHandlerTest.PreAndPostRoutingHandlers ...................................   Passed    0.04 sec
        Start 114: RequestHandlerTest.PreRequestHandler
114/463 Test #114: RequestHandlerTest.PreRequestHandler ...........................................   Passed    0.04 sec
        Start 115: InvalidFormatTest.StatusCode
115/463 Test #115: InvalidFormatTest.StatusCode ...................................................   Passed    0.04 sec
        Start 116: URLFragmentTest.WithFragment
116/463 Test #116: URLFragmentTest.WithFragment ...................................................   Passed    0.04 sec
        Start 117: HeaderWriter.SetHeaderWriter
117/463 Test #117: HeaderWriter.SetHeaderWriter ...................................................   Passed    0.04 sec
        Start 118: ServerTest.GetMethod200
118/463 Test #118: ServerTest.GetMethod200 ........................................................   Passed    0.04 sec
        Start 119: ServerTest.GetEmptyFile
119/463 Test #119: ServerTest.GetEmptyFile ........................................................   Passed    0.03 sec
        Start 120: ServerTest.GetFileContent
120/463 Test #120: ServerTest.GetFileContent ......................................................   Passed    0.03 sec
        Start 121: ServerTest.GetFileContentWithRange
121/463 Test #121: ServerTest.GetFileContentWithRange .............................................   Passed    0.04 sec
        Start 122: ServerTest.GetFileContentWithContentType
122/463 Test #122: ServerTest.GetFileContentWithContentType .......................................   Passed    0.04 sec
        Start 123: ServerTest.GetInvalidFileContent
123/463 Test #123: ServerTest.GetInvalidFileContent ...............................................   Passed    0.04 sec
        Start 124: ServerTest.GetMethod200withPercentEncoding
124/463 Test #124: ServerTest.GetMethod200withPercentEncoding .....................................   Passed    0.04 sec
        Start 125: ServerTest.GetMethod302
125/463 Test #125: ServerTest.GetMethod302 ........................................................   Passed    0.04 sec
        Start 126: ServerTest.GetMethod302Redirect
126/463 Test #126: ServerTest.GetMethod302Redirect ................................................   Passed    0.03 sec
        Start 127: ServerTest.GetMethod404
127/463 Test #127: ServerTest.GetMethod404 ........................................................   Passed    0.04 sec
        Start 128: ServerTest.HeadMethod200
128/463 Test #128: ServerTest.HeadMethod200 .......................................................   Passed    0.04 sec
        Start 129: ServerTest.HeadMethod200Static
129/463 Test #129: ServerTest.HeadMethod200Static .................................................   Passed    0.04 sec
        Start 130: ServerTest.HeadMethod404
130/463 Test #130: ServerTest.HeadMethod404 .......................................................   Passed    0.04 sec
        Start 131: ServerTest.GetMethodPersonJohn
131/463 Test #131: ServerTest.GetMethodPersonJohn .................................................   Passed    0.04 sec
        Start 132: ServerTest.PostMethod1
132/463 Test #132: ServerTest.PostMethod1 .........................................................   Passed    0.04 sec
        Start 133: ServerTest.PostMethod2
133/463 Test #133: ServerTest.PostMethod2 .........................................................   Passed    0.04 sec
        Start 134: ServerTest.PutMethod3
134/463 Test #134: ServerTest.PutMethod3 ..........................................................   Passed    0.04 sec
        Start 135: ServerTest.DeleteMethod1
135/463 Test #135: ServerTest.DeleteMethod1 .......................................................   Passed    0.04 sec
        Start 136: ServerTest.DeleteMethod2
136/463 Test #136: ServerTest.DeleteMethod2 .......................................................   Passed    0.04 sec
        Start 137: ServerTest.DeleteMethod3
137/463 Test #137: ServerTest.DeleteMethod3 .......................................................   Passed    0.04 sec
        Start 138: ServerTest.PostWwwFormUrlEncodedJson
138/463 Test #138: ServerTest.PostWwwFormUrlEncodedJson ...........................................   Passed    0.04 sec
        Start 139: ServerTest.PostEmptyContent
139/463 Test #139: ServerTest.PostEmptyContent ....................................................   Passed    0.04 sec
        Start 140: ServerTest.PostEmptyContentWithNoContentType
140/463 Test #140: ServerTest.PostEmptyContentWithNoContentType ...................................   Passed    0.04 sec
        Start 141: ServerTest.PostPathOnly
141/463 Test #141: ServerTest.PostPathOnly ........................................................   Passed    0.04 sec
        Start 142: ServerTest.PostPathAndHeadersOnly
142/463 Test #142: ServerTest.PostPathAndHeadersOnly ..............................................   Passed    0.04 sec
        Start 143: ServerTest.PostLarge
143/463 Test #143: ServerTest.PostLarge ...........................................................   Passed    0.33 sec
        Start 144: ServerTest.PutEmptyContentWithNoContentType
144/463 Test #144: ServerTest.PutEmptyContentWithNoContentType ....................................   Passed    0.04 sec
        Start 145: ServerTest.GetMethodDir
145/463 Test #145: ServerTest.GetMethodDir ........................................................   Passed    0.04 sec
        Start 146: ServerTest.GetMethodDirTest
146/463 Test #146: ServerTest.GetMethodDirTest ....................................................   Passed    0.04 sec
        Start 147: ServerTest.GetMethodDirTestWithDoubleDots
147/463 Test #147: ServerTest.GetMethodDirTestWithDoubleDots ......................................   Passed    0.04 sec
        Start 148: ServerTest.GetMethodInvalidPath
148/463 Test #148: ServerTest.GetMethodInvalidPath ................................................   Passed    0.04 sec
        Start 149: ServerTest.GetMethodOutOfBaseDir
149/463 Test #149: ServerTest.GetMethodOutOfBaseDir ...............................................   Passed    0.04 sec
        Start 150: ServerTest.GetMethodOutOfBaseDir2
150/463 Test #150: ServerTest.GetMethodOutOfBaseDir2 ..............................................   Passed    0.04 sec
        Start 151: ServerTest.GetMethodDirMountTest
151/463 Test #151: ServerTest.GetMethodDirMountTest ...............................................   Passed    0.04 sec
        Start 152: ServerTest.GetMethodDirMountTestWithDoubleDots
152/463 Test #152: ServerTest.GetMethodDirMountTestWithDoubleDots .................................   Passed    0.04 sec
        Start 153: ServerTest.GetMethodInvalidMountPath
153/463 Test #153: ServerTest.GetMethodInvalidMountPath ...........................................   Passed    0.04 sec
        Start 154: ServerTest.GetMethodEmbeddedNUL
154/463 Test #154: ServerTest.GetMethodEmbeddedNUL ................................................   Passed    0.04 sec
        Start 155: ServerTest.GetMethodOutOfBaseDirMount
155/463 Test #155: ServerTest.GetMethodOutOfBaseDirMount ..........................................   Passed    0.03 sec
        Start 156: ServerTest.GetMethodOutOfBaseDirMount2
156/463 Test #156: ServerTest.GetMethodOutOfBaseDirMount2 .........................................   Passed    0.04 sec
        Start 157: ServerTest.GetMethodOutOfBaseDirMountWithBackslash
157/463 Test #157: ServerTest.GetMethodOutOfBaseDirMountWithBackslash .............................   Passed    0.04 sec
        Start 158: ServerTest.PostMethod303
158/463 Test #158: ServerTest.PostMethod303 .......................................................   Passed    0.04 sec
        Start 159: ServerTest.PostMethod303Redirect
159/463 Test #159: ServerTest.PostMethod303Redirect ...............................................   Passed    0.04 sec
        Start 160: ServerTest.UserDefinedMIMETypeMapping
160/463 Test #160: ServerTest.UserDefinedMIMETypeMapping ..........................................   Passed    0.04 sec
        Start 161: ServerTest.StaticFileRange
161/463 Test #161: ServerTest.StaticFileRange .....................................................   Passed    0.04 sec
        Start 162: ServerTest.StaticFileRanges
162/463 Test #162: ServerTest.StaticFileRanges ....................................................   Passed    0.04 sec
        Start 163: ServerTest.StaticFileRangeHead
163/463 Test #163: ServerTest.StaticFileRangeHead .................................................   Passed    0.04 sec
        Start 164: ServerTest.StaticFileRangeBigFile
164/463 Test #164: ServerTest.StaticFileRangeBigFile ..............................................   Passed    0.04 sec
        Start 165: ServerTest.StaticFileRangeBigFile2
165/463 Test #165: ServerTest.StaticFileRangeBigFile2 .............................................   Passed    0.04 sec
        Start 166: ServerTest.StaticFileBigFile
166/463 Test #166: ServerTest.StaticFileBigFile ...................................................   Passed    0.04 sec
        Start 167: ServerTest.InvalidBaseDirMount
167/463 Test #167: ServerTest.InvalidBaseDirMount .................................................   Passed    0.03 sec
        Start 168: ServerTest.Binary
168/463 Test #168: ServerTest.Binary ..............................................................   Passed    0.03 sec
        Start 169: ServerTest.BinaryString
169/463 Test #169: ServerTest.BinaryString ........................................................   Passed    0.04 sec
        Start 170: ServerTest.EmptyRequest
170/463 Test #170: ServerTest.EmptyRequest ........................................................   Passed    0.03 sec
        Start 171: ServerTest.LongRequest
171/463 Test #171: ServerTest.LongRequest .........................................................   Passed    0.04 sec
        Start 172: ServerTest.TooLongRequest
172/463 Test #172: ServerTest.TooLongRequest ......................................................   Passed    0.04 sec
        Start 173: ServerTest.AlmostTooLongRequest
173/463 Test #173: ServerTest.AlmostTooLongRequest ................................................   Passed    0.04 sec
        Start 174: ServerTest.LongHeader
174/463 Test #174: ServerTest.LongHeader ..........................................................   Passed    0.04 sec
        Start 175: ServerTest.LongQueryValue
175/463 Test #175: ServerTest.LongQueryValue ......................................................   Passed    0.04 sec
        Start 176: ServerTest.TooLongQueryValue
176/463 Test #176: ServerTest.TooLongQueryValue ...................................................   Passed    0.04 sec
        Start 177: ServerTest.TooLongHeader
177/463 Test #177: ServerTest.TooLongHeader .......................................................   Passed    0.04 sec
        Start 178: ServerTest.HeaderCountAtLimit
178/463 Test #178: ServerTest.HeaderCountAtLimit ..................................................   Passed    0.04 sec
        Start 179: ServerTest.HeaderCountExceedsLimit
179/463 Test #179: ServerTest.HeaderCountExceedsLimit .............................................   Passed    0.04 sec
        Start 180: ServerTest.PercentEncoding
180/463 Test #180: ServerTest.PercentEncoding .....................................................   Passed    0.03 sec
        Start 181: ServerTest.PercentEncodingUnicode
181/463 Test #181: ServerTest.PercentEncodingUnicode ..............................................   Passed    0.04 sec
        Start 182: ServerTest.InvalidPercentEncoding
182/463 Test #182: ServerTest.InvalidPercentEncoding ..............................................   Passed    0.04 sec
        Start 183: ServerTest.InvalidPercentEncodingUnicode
183/463 Test #183: ServerTest.InvalidPercentEncodingUnicode .......................................   Passed    0.03 sec
        Start 184: ServerTest.EndWithPercentCharacterInQuery
184/463 Test #184: ServerTest.EndWithPercentCharacterInQuery ......................................   Passed    0.04 sec
        Start 185: ServerTest.PlusSignEncoding
185/463 Test #185: ServerTest.PlusSignEncoding ....................................................   Passed    0.04 sec
        Start 186: ServerTest.HeaderCountSecurityTest
186/463 Test #186: ServerTest.HeaderCountSecurityTest .............................................   Passed    0.04 sec
        Start 187: ServerTest.MultipartFormData
187/463 Test #187: ServerTest.MultipartFormData ...................................................   Passed    0.04 sec
        Start 188: ServerTest.MultipartFormDataMultiFileValues
188/463 Test #188: ServerTest.MultipartFormDataMultiFileValues ....................................   Passed    0.04 sec
        Start 189: ServerTest.CaseInsensitiveHeaderName
189/463 Test #189: ServerTest.CaseInsensitiveHeaderName ...........................................   Passed    0.03 sec
        Start 190: ServerTest.CaseInsensitiveTransferEncoding
190/463 Test #190: ServerTest.CaseInsensitiveTransferEncoding .....................................   Passed    0.04 sec
        Start 191: ServerTest.GetStreamed2
191/463 Test #191: ServerTest.GetStreamed2 ........................................................   Passed    0.04 sec
        Start 192: ServerTest.GetStreamed
192/463 Test #192: ServerTest.GetStreamed .........................................................   Passed    0.04 sec
        Start 193: ServerTest.GetStreamedWithRange1
193/463 Test #193: ServerTest.GetStreamedWithRange1 ...............................................   Passed    0.03 sec
        Start 194: ServerTest.GetStreamedWithRange2
194/463 Test #194: ServerTest.GetStreamedWithRange2 ...............................................   Passed    0.03 sec
        Start 195: ServerTest.GetStreamedWithRangeSuffix1
195/463 Test #195: ServerTest.GetStreamedWithRangeSuffix1 .........................................   Passed    0.04 sec
        Start 196: ServerTest.GetStreamedWithRangeSuffix2
196/463 Test #196: ServerTest.GetStreamedWithRangeSuffix2 .........................................   Passed    0.04 sec
        Start 197: ServerTest.GetStreamedWithRangeError
197/463 Test #197: ServerTest.GetStreamedWithRangeError ...........................................   Passed    0.04 sec
        Start 198: ServerTest.GetRangeWithMaxLongLength
198/463 Test #198: ServerTest.GetRangeWithMaxLongLength ...........................................   Passed    0.04 sec
        Start 199: ServerTest.GetRangeWithZeroToInfinite
199/463 Test #199: ServerTest.GetRangeWithZeroToInfinite ..........................................   Passed    0.03 sec
        Start 200: ServerTest.GetStreamedWithRangeMultipart
200/463 Test #200: ServerTest.GetStreamedWithRangeMultipart .......................................   Passed    0.04 sec
        Start 201: ServerTest.GetStreamedWithTooManyRanges
201/463 Test #201: ServerTest.GetStreamedWithTooManyRanges ........................................   Passed    0.04 sec
        Start 202: ServerTest.GetStreamedWithOverwrapping
202/463 Test #202: ServerTest.GetStreamedWithOverwrapping .........................................   Passed    0.04 sec
        Start 203: ServerTest.GetStreamedWithNonAscendingRanges
203/463 Test #203: ServerTest.GetStreamedWithNonAscendingRanges ...................................   Passed    0.03 sec
        Start 204: ServerTest.GetStreamedWithDuplicateRanges
204/463 Test #204: ServerTest.GetStreamedWithDuplicateRanges ......................................   Passed    0.04 sec
        Start 205: ServerTest.GetStreamedWithRangesMoreThanTwoOverwrapping
205/463 Test #205: ServerTest.GetStreamedWithRangesMoreThanTwoOverwrapping ........................   Passed    0.04 sec
        Start 206: ServerTest.GetStreamedEndless
206/463 Test #206: ServerTest.GetStreamedEndless ..................................................   Passed    0.04 sec
        Start 207: ServerTest.ClientStop
207/463 Test #207: ServerTest.ClientStop ..........................................................   Passed    2.08 sec
        Start 208: ServerTest.GetWithRange1
208/463 Test #208: ServerTest.GetWithRange1 .......................................................   Passed    0.04 sec
        Start 209: ServerTest.GetWithRange2
209/463 Test #209: ServerTest.GetWithRange2 .......................................................   Passed    0.03 sec
        Start 210: ServerTest.GetWithRange3
210/463 Test #210: ServerTest.GetWithRange3 .......................................................   Passed    0.04 sec
        Start 211: ServerTest.GetWithRange4
211/463 Test #211: ServerTest.GetWithRange4 .......................................................   Passed    0.03 sec
        Start 212: ServerTest.GetWithRange5
212/463 Test #212: ServerTest.GetWithRange5 .......................................................   Passed    0.04 sec
        Start 213: ServerTest.GetWithRangeOffsetGreaterThanContent
213/463 Test #213: ServerTest.GetWithRangeOffsetGreaterThanContent ................................   Passed    0.04 sec
        Start 214: ServerTest.GetWithRangeMultipart
214/463 Test #214: ServerTest.GetWithRangeMultipart ...............................................   Passed    0.04 sec
        Start 215: ServerTest.GetWithRangeMultipartOffsetGreaterThanContent
215/463 Test #215: ServerTest.GetWithRangeMultipartOffsetGreaterThanContent .......................   Passed    0.03 sec
        Start 216: ServerTest.GetWithRangeCustomizedResponse
216/463 Test #216: ServerTest.GetWithRangeCustomizedResponse ......................................   Passed    0.04 sec
        Start 217: ServerTest.GetWithRangeMultipartCustomizedResponseMultipleRange
217/463 Test #217: ServerTest.GetWithRangeMultipartCustomizedResponseMultipleRange ................   Passed    0.04 sec
        Start 218: ServerTest.Issue1772
218/463 Test #218: ServerTest.Issue1772 ...........................................................   Passed    0.04 sec
        Start 219: ServerTest.Issue609
219/463 Test #219: ServerTest.Issue609 ............................................................   Passed    0.04 sec
        Start 220: ServerTest.GetStreamedChunked
220/463 Test #220: ServerTest.GetStreamedChunked ..................................................   Passed    0.04 sec
        Start 221: ServerTest.GetStreamedChunked2
221/463 Test #221: ServerTest.GetStreamedChunked2 .................................................   Passed    0.04 sec
        Start 222: ServerTest.GetStreamedChunkedWithTrailer
222/463 Test #222: ServerTest.GetStreamedChunkedWithTrailer .......................................   Passed    0.04 sec
        Start 223: ServerTest.LargeChunkedPost
223/463 Test #223: ServerTest.LargeChunkedPost ....................................................   Passed    0.04 sec
        Start 224: ServerTest.GetMethodRemoteAddr
224/463 Test #224: ServerTest.GetMethodRemoteAddr .................................................   Passed    0.04 sec
        Start 225: ServerTest.GetMethodLocalAddr
225/463 Test #225: ServerTest.GetMethodLocalAddr ..................................................   Passed    0.04 sec
        Start 226: ServerTest.HTTPResponseSplitting
226/463 Test #226: ServerTest.HTTPResponseSplitting ...............................................   Passed    0.04 sec
        Start 227: ServerTest.SlowRequest
227/463 Test #227: ServerTest.SlowRequest .........................................................   Passed    1.03 sec
        Start 228: ServerTest.Put
228/463 Test #228: ServerTest.Put .................................................................   Passed    0.04 sec
        Start 229: ServerTest.PutWithContentProvider
229/463 Test #229: ServerTest.PutWithContentProvider ..............................................   Passed    0.03 sec
        Start 230: ServerTest.PostWithContentProviderAbort
230/463 Test #230: ServerTest.PostWithContentProviderAbort ........................................   Passed    5.04 sec
        Start 231: ServerTest.PutWithContentProviderWithoutLength
231/463 Test #231: ServerTest.PutWithContentProviderWithoutLength .................................   Passed    0.04 sec
        Start 232: ServerTest.PostWithContentProviderWithoutLengthAbort
232/463 Test #232: ServerTest.PostWithContentProviderWithoutLengthAbort ...........................   Passed    5.04 sec
        Start 233: ServerTest.PostLoopBack
233/463 Test #233: ServerTest.PostLoopBack ........................................................   Passed    0.11 sec
        Start 234: ServerTest.PutLoopBack
234/463 Test #234: ServerTest.PutLoopBack .........................................................   Passed    0.06 sec
        Start 235: ServerTest.PatchLoopBack
235/463 Test #235: ServerTest.PatchLoopBack .......................................................   Passed    0.05 sec
        Start 236: ServerTest.PostLoopBackWithoutRequestContentLength
236/463 Test #236: ServerTest.PostLoopBackWithoutRequestContentLength .............................   Passed    0.04 sec
        Start 237: ServerTest.Patch
237/463 Test #237: ServerTest.Patch ...............................................................   Passed    0.04 sec
        Start 238: ServerTest.Delete
238/463 Test #238: ServerTest.Delete ..............................................................   Passed    0.03 sec
        Start 239: ServerTest.DeleteContentReceiver
239/463 Test #239: ServerTest.DeleteContentReceiver ...............................................   Passed    0.05 sec
        Start 240: ServerTest.Options
240/463 Test #240: ServerTest.Options .............................................................   Passed    0.03 sec
        Start 241: ServerTest.URL
241/463 Test #241: ServerTest.URL .................................................................   Passed    0.04 sec
        Start 242: ServerTest.ArrayParam
242/463 Test #242: ServerTest.ArrayParam ..........................................................   Passed    0.03 sec
        Start 243: ServerTest.NoMultipleHeaders
243/463 Test #243: ServerTest.NoMultipleHeaders ...................................................   Passed    0.04 sec
        Start 244: ServerTest.PostContentReceiver
244/463 Test #244: ServerTest.PostContentReceiver .................................................   Passed    0.04 sec
        Start 245: ServerTest.PostMultipartFileContentReceiver
245/463 Test #245: ServerTest.PostMultipartFileContentReceiver ....................................   Passed    0.03 sec
        Start 246: ServerTest.PostMultipartPlusBoundary
246/463 Test #246: ServerTest.PostMultipartPlusBoundary ...........................................   Passed    0.03 sec
        Start 247: ServerTest.PostContentReceiverGzip
247/463 Test #247: ServerTest.PostContentReceiverGzip .............................................   Passed    0.03 sec
        Start 248: ServerTest.PutContentReceiver
248/463 Test #248: ServerTest.PutContentReceiver ..................................................   Passed    0.04 sec
        Start 249: ServerTest.PatchContentReceiver
249/463 Test #249: ServerTest.PatchContentReceiver ................................................   Passed    0.04 sec
        Start 250: ServerTest.PostWithHeadersAndContentReceiver
250/463 Test #250: ServerTest.PostWithHeadersAndContentReceiver ...................................   Passed    0.05 sec
        Start 251: ServerTest.PutWithHeadersAndContentReceiver
251/463 Test #251: ServerTest.PutWithHeadersAndContentReceiver ....................................   Passed    0.04 sec
        Start 252: ServerTest.PatchWithHeadersAndContentReceiver
252/463 Test #252: ServerTest.PatchWithHeadersAndContentReceiver ..................................   Passed    0.04 sec
        Start 253: ServerTest.PostWithHeadersAndContentReceiverWithProgress
253/463 Test #253: ServerTest.PostWithHeadersAndContentReceiverWithProgress .......................   Passed    0.04 sec
        Start 254: ServerTest.PutWithHeadersAndContentReceiverWithProgress
254/463 Test #254: ServerTest.PutWithHeadersAndContentReceiverWithProgress ........................   Passed    0.06 sec
        Start 255: ServerTest.PatchWithHeadersAndContentReceiverWithProgress
255/463 Test #255: ServerTest.PatchWithHeadersAndContentReceiverWithProgress ......................   Passed    0.05 sec
        Start 256: ServerTest.PostWithHeadersAndContentReceiverError
256/463 Test #256: ServerTest.PostWithHeadersAndContentReceiverError ..............................   Passed    0.04 sec
        Start 257: ServerTest.PuttWithHeadersAndContentReceiverError
257/463 Test #257: ServerTest.PuttWithHeadersAndContentReceiverError ..............................   Passed    0.04 sec
        Start 258: ServerTest.PatchWithHeadersAndContentReceiverError
258/463 Test #258: ServerTest.PatchWithHeadersAndContentReceiverError .............................   Passed    0.03 sec
        Start 259: ServerTest.PostQueryStringAndBody
259/463 Test #259: ServerTest.PostQueryStringAndBody ..............................................   Passed    0.03 sec
        Start 260: ServerTest.HTTP2Magic
260/463 Test #260: ServerTest.HTTP2Magic ..........................................................   Passed    0.04 sec
        Start 261: ServerTest.KeepAlive
261/463 Test #261: ServerTest.KeepAlive ...........................................................   Passed    0.04 sec
        Start 262: ServerTest.TooManyRedirect
262/463 Test #262: ServerTest.TooManyRedirect .....................................................   Passed    0.04 sec
        Start 263: ServerTest.BadRequestLineCancelsKeepAlive
263/463 Test #263: ServerTest.BadRequestLineCancelsKeepAlive ......................................   Passed    0.04 sec
        Start 264: ServerTest.StartTime
264/463 Test #264: ServerTest.StartTime ...........................................................   Passed    0.04 sec
        Start 265: ServerRequestParsingTest.TrimWhitespaceFromHeaderValues
265/463 Test #265: ServerRequestParsingTest.TrimWhitespaceFromHeaderValues ........................   Passed    5.04 sec
        Start 266: ServerRequestParsingTest.ReadHeadersRegexComplexity
266/463 Test #266: ServerRequestParsingTest.ReadHeadersRegexComplexity ............................   Passed    1.03 sec
        Start 267: ServerRequestParsingTest.ReadHeadersRegexComplexity2
267/463 Test #267: ServerRequestParsingTest.ReadHeadersRegexComplexity2 ...........................   Passed    1.04 sec
        Start 268: ServerRequestParsingTest.ExcessiveWhitespaceInUnparsableHeaderLine
268/463 Test #268: ServerRequestParsingTest.ExcessiveWhitespaceInUnparsableHeaderLine .............   Passed    1.04 sec
        Start 269: ServerRequestParsingTest.InvalidFirstChunkLengthInRequest
269/463 Test #269: ServerRequestParsingTest.InvalidFirstChunkLengthInRequest ......................   Passed    1.04 sec
        Start 270: ServerRequestParsingTest.InvalidSecondChunkLengthInRequest
270/463 Test #270: ServerRequestParsingTest.InvalidSecondChunkLengthInRequest .....................   Passed    1.04 sec
        Start 271: ServerRequestParsingTest.ChunkLengthTooHighInRequest
271/463 Test #271: ServerRequestParsingTest.ChunkLengthTooHighInRequest ...........................   Passed    1.04 sec
        Start 272: ServerRequestParsingTest.InvalidHeaderTextWithExtraCR
272/463 Test #272: ServerRequestParsingTest.InvalidHeaderTextWithExtraCR ..........................   Passed    1.04 sec
        Start 273: ServerRequestParsingTest.InvalidSpaceInURL
273/463 Test #273: ServerRequestParsingTest.InvalidSpaceInURL .....................................   Passed    1.04 sec
        Start 274: ServerRequestParsingTest.RemoteAddrSetOnBadRequest
274/463 Test #274: ServerRequestParsingTest.RemoteAddrSetOnBadRequest .............................   Passed    5.04 sec
        Start 275: ServerRequestParsingTest.InvalidFieldValueContains_CR_LF_NUL
275/463 Test #275: ServerRequestParsingTest.InvalidFieldValueContains_CR_LF_NUL ...................   Passed    1.04 sec
        Start 276: ServerRequestParsingTest.InvalidFieldValueContains_LF
276/463 Test #276: ServerRequestParsingTest.InvalidFieldValueContains_LF ..........................   Passed    1.04 sec
        Start 277: ServerRequestParsingTest.InvalidFieldNameContains_PreceedingSpaces
277/463 Test #277: ServerRequestParsingTest.InvalidFieldNameContains_PreceedingSpaces .............   Passed    1.04 sec
        Start 278: ServerRequestParsingTest.EmptyFieldValue
278/463 Test #278: ServerRequestParsingTest.EmptyFieldValue .......................................   Passed    1.04 sec
        Start 279: ServerRequestParsingTest.RequestWithoutContentLengthOrTransferEncoding
279/463 Test #279: ServerRequestParsingTest.RequestWithoutContentLengthOrTransferEncoding .........   Passed    0.04 sec
        Start 280: ServerStopTest.StopServerWithChunkedTransmission
280/463 Test #280: ServerStopTest.StopServerWithChunkedTransmission ...............................   Passed    2.04 sec
        Start 281: ServerStopTest.ClientAccessAfterServerDown
281/463 Test #281: ServerStopTest.ClientAccessAfterServerDown .....................................   Passed    0.04 sec
        Start 282: ServerStopTest.ListenFailure
282/463 Test #282: ServerStopTest.ListenFailure ...................................................   Passed    0.04 sec
        Start 283: ServerStopTest.Decommision
283/463 Test #283: ServerStopTest.Decommision .....................................................   Passed    0.44 sec
        Start 284: UploadProgressTest.PostStringBodyBasic
284/463 Test #284: UploadProgressTest.PostStringBodyBasic .........................................   Passed    0.04 sec
        Start 285: UploadProgressTest.PutStringBodyBasic
285/463 Test #285: UploadProgressTest.PutStringBodyBasic ..........................................   Passed    0.03 sec
        Start 286: UploadProgressTest.PatchStringBodyBasic
286/463 Test #286: UploadProgressTest.PatchStringBodyBasic ........................................   Passed    0.04 sec
        Start 287: UploadProgressTest.PostContentProviderProgress
287/463 Test #287: UploadProgressTest.PostContentProviderProgress .................................   Passed    0.03 sec
        Start 288: UploadProgressTest.PostMultipartProgress
288/463 Test #288: UploadProgressTest.PostMultipartProgress .......................................   Passed    0.04 sec
        Start 289: DownloadProgressTest.GetBasic
289/463 Test #289: DownloadProgressTest.GetBasic ..................................................   Passed    0.03 sec
        Start 290: DownloadProgressTest.GetWithContentReceiver
290/463 Test #290: DownloadProgressTest.GetWithContentReceiver ....................................   Passed    0.03 sec
        Start 291: StreamingTest.NoContentLengthStreaming
291/463 Test #291: StreamingTest.NoContentLengthStreaming .........................................   Passed    0.53 sec
        Start 292: MountTest.Unmount
292/463 Test #292: MountTest.Unmount ..............................................................   Passed    0.04 sec
        Start 293: MountTest.Redicect
293/463 Test #293: MountTest.Redicect .............................................................   Passed    0.04 sec
        Start 294: MountTest.MultibytesPathName
294/463 Test #294: MountTest.MultibytesPathName ...................................................   Passed    0.04 sec
        Start 295: KeepAliveTest.ReadTimeout
295/463 Test #295: KeepAliveTest.ReadTimeout ......................................................   Passed    2.03 sec
        Start 296: KeepAliveTest.MaxCount
296/463 Test #296: KeepAliveTest.MaxCount .........................................................   Passed    0.11 sec
        Start 297: KeepAliveTest.Issue1041
297/463 Test #297: KeepAliveTest.Issue1041 ........................................................   Passed    5.04 sec
        Start 298: KeepAliveTest.Issue1959
298/463 Test #298: KeepAliveTest.Issue1959 ........................................................   Passed    0.04 sec
        Start 299: ClientProblemDetectionTest.ContentProvider
299/463 Test #299: ClientProblemDetectionTest.ContentProvider .....................................   Passed    0.04 sec
        Start 300: ErrorHandlerWithContentProviderTest.ErrorHandler
300/463 Test #300: ErrorHandlerWithContentProviderTest.ErrorHandler ...............................   Passed    0.03 sec
        Start 301: LongPollingTest.ClientCloseDetection
301/463 Test #301: LongPollingTest.ClientCloseDetection ...........................................   Passed    0.04 sec
        Start 302: GetWithParametersTest.GetWithParameters
302/463 Test #302: GetWithParametersTest.GetWithParameters ........................................   Passed    0.04 sec
        Start 303: GetWithParametersTest.GetWithParameters2
303/463 Test #303: GetWithParametersTest.GetWithParameters2 .......................................   Passed    0.04 sec
        Start 304: ClientDefaultHeadersTest.DefaultHeaders_Online
304/463 Test #304: ClientDefaultHeadersTest.DefaultHeaders_Online .................................   Passed    0.64 sec
        Start 305: ServerDefaultHeadersTest.DefaultHeaders
305/463 Test #305: ServerDefaultHeadersTest.DefaultHeaders ........................................   Passed    0.03 sec
        Start 306: ServerTestWithAI_PASSIVE.GetMethod200
306/463 Test #306: ServerTestWithAI_PASSIVE.GetMethod200 ..........................................   Passed    0.03 sec
        Start 307: ServerUpDownTest.QuickStartStop
307/463 Test #307: ServerUpDownTest.QuickStartStop ................................................   Passed    0.54 sec
        Start 308: PayloadMaxLengthTest.ExceedLimit
308/463 Test #308: PayloadMaxLengthTest.ExceedLimit ...............................................   Passed    0.03 sec
        Start 309: PayloadMaxLengthTest.ChunkedEncodingSecurityTest
309/463 Test #309: PayloadMaxLengthTest.ChunkedEncodingSecurityTest ...............................   Passed    0.03 sec
        Start 310: PayloadMaxLengthTest.ChunkedEncodingWithinLimit
310/463 Test #310: PayloadMaxLengthTest.ChunkedEncodingWithinLimit ................................   Passed    0.03 sec
        Start 311: PayloadMaxLengthTest.RawSocketChunkedTest
311/463 Test #311: PayloadMaxLengthTest.RawSocketChunkedTest ......................................   Passed    0.03 sec
        Start 312: PayloadMaxLengthTest.NoContentLengthPayloadLimit
312/463 Test #312: PayloadMaxLengthTest.NoContentLengthPayloadLimit ...............................   Passed    0.03 sec
        Start 313: PayloadMaxLengthTest.NoContentLengthWithinLimit
313/463 Test #313: PayloadMaxLengthTest.NoContentLengthWithinLimit ................................   Passed    1.04 sec
        Start 314: LargePayloadMaxLengthTest.ChunkedEncodingWithin10MB
314/463 Test #314: LargePayloadMaxLengthTest.ChunkedEncodingWithin10MB ............................   Passed    0.05 sec
        Start 315: LargePayloadMaxLengthTest.ChunkedEncodingExceeds10MB
315/463 Test #315: LargePayloadMaxLengthTest.ChunkedEncodingExceeds10MB ...........................   Passed    0.06 sec
        Start 316: LargePayloadMaxLengthTest.NoContentLengthWithin10MB
316/463 Test #316: LargePayloadMaxLengthTest.NoContentLengthWithin10MB ............................   Passed    5.04 sec
        Start 317: LargePayloadMaxLengthTest.NoContentLengthExceeds10MB
317/463 Test #317: LargePayloadMaxLengthTest.NoContentLengthExceeds10MB ...........................   Passed    0.06 sec
        Start 318: ClientVulnerabilityTest.UnboundedReadWithoutContentLength
318/463 Test #318: ClientVulnerabilityTest.UnboundedReadWithoutContentLength ......................   Passed    0.23 sec
        Start 319: ClientVulnerabilityTest.PayloadMaxLengthZeroMeansNoLimit
319/463 Test #319: ClientVulnerabilityTest.PayloadMaxLengthZeroMeansNoLimit .......................   Passed    0.23 sec
        Start 320: ClientVulnerabilityTest.ContentReceiverBypassesDefaultPayloadMaxLength
320/463 Test #320: ClientVulnerabilityTest.ContentReceiverBypassesDefaultPayloadMaxLength .........   Passed    0.28 sec
        Start 321: ClientVulnerabilityTest.ContentReceiverRespectsExplicitPayloadMaxLength150MB
321/463 Test #321: ClientVulnerabilityTest.ContentReceiverRespectsExplicitPayloadMaxLength150MB ...   Passed    0.27 sec
        Start 322: ClientVulnerabilityTest.ContentReceiverRespectsExplicitPayloadMaxLength250MB
322/463 Test #322: ClientVulnerabilityTest.ContentReceiverRespectsExplicitPayloadMaxLength250MB ...   Passed    0.28 sec
        Start 323: HostAndPortPropertiesTest.NoSSL
323/463 Test #323: HostAndPortPropertiesTest.NoSSL ................................................   Passed    0.03 sec
        Start 324: HostAndPortPropertiesTest.NoSSLWithSimpleAPI
324/463 Test #324: HostAndPortPropertiesTest.NoSSLWithSimpleAPI ...................................   Passed    0.03 sec
        Start 325: NoSSLSupport.SimpleInterface
325/463 Test #325: NoSSLSupport.SimpleInterface ...................................................   Passed    0.03 sec
        Start 326: InvalidScheme.SimpleInterface
326/463 Test #326: InvalidScheme.SimpleInterface ..................................................   Passed    0.03 sec
        Start 327: NoScheme.SimpleInterface
327/463 Test #327: NoScheme.SimpleInterface .......................................................   Passed    0.03 sec
        Start 328: SendAPI.SimpleInterface_Online
328/463 Test #328: SendAPI.SimpleInterface_Online .................................................   Passed    0.14 sec
        Start 329: SendAPI.WithParamsInRequest
329/463 Test #329: SendAPI.WithParamsInRequest ....................................................   Passed    0.04 sec
        Start 330: ClientImplMethods.GetSocketTest
330/463 Test #330: ClientImplMethods.GetSocketTest ................................................   Passed    0.03 sec
        Start 331: VulnerabilityTest.CRLFInjection
331/463 Test #331: VulnerabilityTest.CRLFInjection ................................................   Passed    0.03 sec
        Start 332: VulnerabilityTest.CRLFInjectionInHeaders
332/463 Test #332: VulnerabilityTest.CRLFInjectionInHeaders .......................................   Passed    1.23 sec
        Start 333: PathParamsTest.StaticMatch
333/463 Test #333: PathParamsTest.StaticMatch .....................................................   Passed    0.03 sec
        Start 334: PathParamsTest.StaticMismatch
334/463 Test #334: PathParamsTest.StaticMismatch ..................................................   Passed    0.03 sec
        Start 335: PathParamsTest.SingleParamInTheMiddle
335/463 Test #335: PathParamsTest.SingleParamInTheMiddle ..........................................   Passed    0.03 sec
        Start 336: PathParamsTest.SingleParamInTheEnd
336/463 Test #336: PathParamsTest.SingleParamInTheEnd .............................................   Passed    0.03 sec
        Start 337: PathParamsTest.SingleParamInTheEndTrailingSlash
337/463 Test #337: PathParamsTest.SingleParamInTheEndTrailingSlash ................................   Passed    0.03 sec
        Start 338: PathParamsTest.EmptyParam
338/463 Test #338: PathParamsTest.EmptyParam ......................................................   Passed    0.03 sec
        Start 339: PathParamsTest.FragmentMismatch
339/463 Test #339: PathParamsTest.FragmentMismatch ................................................   Passed    0.03 sec
        Start 340: PathParamsTest.ExtraFragments
340/463 Test #340: PathParamsTest.ExtraFragments ..................................................   Passed    0.03 sec
        Start 341: PathParamsTest.MissingTrailingParam
341/463 Test #341: PathParamsTest.MissingTrailingParam ............................................   Passed    0.03 sec
        Start 342: PathParamsTest.MissingParamInTheMiddle
342/463 Test #342: PathParamsTest.MissingParamInTheMiddle .........................................   Passed    0.03 sec
        Start 343: PathParamsTest.MultipleParams
343/463 Test #343: PathParamsTest.MultipleParams ..................................................   Passed    0.03 sec
        Start 344: PathParamsTest.SequenceOfParams
344/463 Test #344: PathParamsTest.SequenceOfParams ................................................   Passed    0.03 sec
        Start 345: PathParamsTest.SemicolonInTheMiddleIsNotAParam
345/463 Test #345: PathParamsTest.SemicolonInTheMiddleIsNotAParam .................................   Passed    0.03 sec
        Start 346: UniversalClientImplTest.Ipv6LiteralAddress
346/463 Test #346: UniversalClientImplTest.Ipv6LiteralAddress .....................................   Passed    0.03 sec
        Start 347: FileSystemTest.FileAndDirExistenceCheck
347/463 Test #347: FileSystemTest.FileAndDirExistenceCheck ........................................   Passed    0.03 sec
        Start 348: MakeHostAndPortStringTest.VariousPatterns
348/463 Test #348: MakeHostAndPortStringTest.VariousPatterns ......................................   Passed    0.03 sec
        Start 349: DirtyDataRequestTest.HeadFieldValueContains_CR_LF_NUL
349/463 Test #349: DirtyDataRequestTest.HeadFieldValueContains_CR_LF_NUL ..........................   Passed    5.04 sec
        Start 350: InvalidHeaderCharsTest.is_field_name
350/463 Test #350: InvalidHeaderCharsTest.is_field_name ...........................................   Passed    0.03 sec
        Start 351: InvalidHeaderCharsTest.is_field_value
351/463 Test #351: InvalidHeaderCharsTest.is_field_value ..........................................   Passed    0.03 sec
        Start 352: InvalidHeaderCharsTest.OnServer
352/463 Test #352: InvalidHeaderCharsTest.OnServer ................................................   Passed    0.04 sec
        Start 353: InvalidHeaderValueTest.InvalidContentLength
353/463 Test #353: InvalidHeaderValueTest.InvalidContentLength ....................................   Passed    1.04 sec
        Start 354: Expect100ContinueTest.ServerClosesConnection
354/463 Test #354: Expect100ContinueTest.ServerClosesConnection ...................................   Passed    0.04 sec
        Start 355: MaxTimeoutTest.ContentStream
355/463 Test #355: MaxTimeoutTest.ContentStream ...................................................   Passed    7.04 sec
        Start 356: ClientInThreadTest.Issue2068
356/463 Test #356: ClientInThreadTest.Issue2068 ...................................................   Passed    2.53 sec
        Start 357: HeaderSmugglingTest.ChunkedTrailerHeadersMerged
357/463 Test #357: HeaderSmugglingTest.ChunkedTrailerHeadersMerged ................................   Passed    1.04 sec
        Start 358: ForwardedHeadersTest.NoProxiesSetting
358/463 Test #358: ForwardedHeadersTest.NoProxiesSetting ..........................................   Passed    0.04 sec
        Start 359: ForwardedHeadersTest.NoForwardedHeaders
359/463 Test #359: ForwardedHeadersTest.NoForwardedHeaders ........................................   Passed    0.03 sec
        Start 360: ForwardedHeadersTest.SingleTrustedProxy_UsesIPBeforeTrusted
360/463 Test #360: ForwardedHeadersTest.SingleTrustedProxy_UsesIPBeforeTrusted ....................   Passed    0.04 sec
        Start 361: ForwardedHeadersTest.MultipleTrustedProxies_UsesClientIP
361/463 Test #361: ForwardedHeadersTest.MultipleTrustedProxies_UsesClientIP .......................   Passed    0.04 sec
        Start 362: ForwardedHeadersTest.TrustedProxyNotInHeader_UsesFirstFromXFF
362/463 Test #362: ForwardedHeadersTest.TrustedProxyNotInHeader_UsesFirstFromXFF ..................   Passed    0.04 sec
        Start 363: ForwardedHeadersTest.LastHopTrusted_SelectsImmediateLeftIP
363/463 Test #363: ForwardedHeadersTest.LastHopTrusted_SelectsImmediateLeftIP .....................   Passed    0.04 sec
        Start 364: ForwardedHeadersTest.HandlesWhitespaceAroundIPs
364/463 Test #364: ForwardedHeadersTest.HandlesWhitespaceAroundIPs ................................   Passed    0.04 sec
        Start 365: StreamHandleTest.Basic
365/463 Test #365: StreamHandleTest.Basic .........................................................   Passed    0.03 sec
        Start 366: BodyReaderTest.Basic
366/463 Test #366: BodyReaderTest.Basic ...........................................................   Passed    0.03 sec
        Start 367: BodyReaderTest.NoStream
367/463 Test #367: BodyReaderTest.NoStream ........................................................   Passed    0.03 sec
        Start 368: BodyReaderTest.Error
368/463 Test #368: BodyReaderTest.Error ...........................................................   Passed    0.03 sec
        Start 369: OpenStreamTest.Basic
369/463 Test #369: OpenStreamTest.Basic ...........................................................   Passed    0.04 sec
        Start 370: OpenStreamTest.SmallBuffer
370/463 Test #370: OpenStreamTest.SmallBuffer .....................................................   Passed    0.04 sec
        Start 371: OpenStreamTest.DefaultHeaders
371/463 Test #371: OpenStreamTest.DefaultHeaders ..................................................   Passed    0.04 sec
        Start 372: OpenStreamTest.Large
372/463 Test #372: OpenStreamTest.Large ...........................................................   Passed    0.04 sec
        Start 373: OpenStreamTest.ConnectionError
373/463 Test #373: OpenStreamTest.ConnectionError .................................................   Passed    0.03 sec
        Start 374: OpenStreamTest.Chunked
374/463 Test #374: OpenStreamTest.Chunked .........................................................   Passed    0.03 sec
        Start 375: OpenStreamTest.ProhibitedTrailersAreIgnored_Stream
375/463 Test #375: OpenStreamTest.ProhibitedTrailersAreIgnored_Stream .............................   Passed    0.04 sec
        Start 376: ParityTest.GetVsOpenStream
376/463 Test #376: ParityTest.GetVsOpenStream .....................................................   Passed    0.04 sec
        Start 377: ClientConnectionTest.Basic
377/463 Test #377: ClientConnectionTest.Basic .....................................................   Passed    0.03 sec
        Start 378: StreamApiTest.GetBasic
378/463 Test #378: StreamApiTest.GetBasic .........................................................   Passed    0.03 sec
        Start 379: StreamApiTest.GetWithParams
379/463 Test #379: StreamApiTest.GetWithParams ....................................................   Passed    0.03 sec
        Start 380: StreamApiTest.GetConnectionError
380/463 Test #380: StreamApiTest.GetConnectionError ...............................................   Passed    0.04 sec
        Start 381: StreamApiTest.Get404
381/463 Test #381: StreamApiTest.Get404 ...........................................................   Passed    0.03 sec
        Start 382: StreamApiTest.PostBasic
382/463 Test #382: StreamApiTest.PostBasic ........................................................   Passed    0.04 sec
        Start 383: StreamApiTest.PostWithHeaders
383/463 Test #383: StreamApiTest.PostWithHeaders ..................................................   Passed    0.03 sec
        Start 384: StreamApiTest.PostWithParams
384/463 Test #384: StreamApiTest.PostWithParams ...................................................   Passed    0.04 sec
        Start 385: StreamApiTest.PostLarge
385/463 Test #385: StreamApiTest.PostLarge ........................................................   Passed    0.04 sec
        Start 386: StreamApiTest.PutAndPatch
386/463 Test #386: StreamApiTest.PutAndPatch ......................................................   Passed    0.04 sec
        Start 387: StreamApiTest.Delete
387/463 Test #387: StreamApiTest.Delete ...........................................................   Passed    0.04 sec
        Start 388: StreamApiTest.HeadAndOptions
388/463 Test #388: StreamApiTest.HeadAndOptions ...................................................   Passed    0.04 sec
        Start 389: ErrorHandlingTest.StreamReadTimeout
389/463 Test #389: ErrorHandlingTest.StreamReadTimeout ............................................   Passed    3.04 sec
        Start 390: ErrorHandlingTest.StreamConnectionClosed
390/463 Test #390: ErrorHandlingTest.StreamConnectionClosed .......................................   Passed    0.05 sec
        Start 391: ETagTest.StaticFileETagAndIfNoneMatch
391/463 Test #391: ETagTest.StaticFileETagAndIfNoneMatch ..........................................   Passed    0.04 sec
        Start 392: ETagTest.StaticFileETagIfNoneMatchStarNotFound
392/463 Test #392: ETagTest.StaticFileETagIfNoneMatchStarNotFound .................................   Passed    0.04 sec
        Start 393: ETagTest.IfNoneMatchBoundaryCheck
393/463 Test #393: ETagTest.IfNoneMatchBoundaryCheck ..............................................   Passed    0.04 sec
        Start 394: ETagTest.LastModifiedAndIfModifiedSince
394/463 Test #394: ETagTest.LastModifiedAndIfModifiedSince ........................................   Passed    0.04 sec
        Start 395: ETagTest.VaryAcceptEncodingWithCompression
395/463 Test #395: ETagTest.VaryAcceptEncodingWithCompression .....................................   Passed    0.03 sec
        Start 396: ETagTest.IfRangeWithETag
396/463 Test #396: ETagTest.IfRangeWithETag .......................................................   Passed    0.04 sec
        Start 397: ETagTest.IfRangeWithDate
397/463 Test #397: ETagTest.IfRangeWithDate .......................................................   Passed    0.04 sec
        Start 398: ETagTest.MalformedIfNoneMatchAndWhitespace
398/463 Test #398: ETagTest.MalformedIfNoneMatchAndWhitespace .....................................   Passed    0.04 sec
        Start 399: ETagTest.InvalidIfModifiedSinceAndIfRangeDate
399/463 Test #399: ETagTest.InvalidIfModifiedSinceAndIfRangeDate ..................................   Passed    0.03 sec
        Start 400: ETagTest.IfRangeWithMalformedETag
400/463 Test #400: ETagTest.IfRangeWithMalformedETag ..............................................   Passed    0.03 sec
        Start 401: ETagTest.ExtremeLargeDateValues
401/463 Test #401: ETagTest.ExtremeLargeDateValues ................................................   Passed    0.04 sec
        Start 402: ETagTest.NegativeFileModificationTime
402/463 Test #402: ETagTest.NegativeFileModificationTime ..........................................   Passed    0.04 sec
        Start 403: SSEParsingTest.SingleLineData
403/463 Test #403: SSEParsingTest.SingleLineData ..................................................   Passed    0.03 sec
        Start 404: SSEParsingTest.MultiLineData
404/463 Test #404: SSEParsingTest.MultiLineData ...................................................   Passed    0.03 sec
        Start 405: SSEParsingTest.CustomEventType
405/463 Test #405: SSEParsingTest.CustomEventType .................................................   Passed    0.03 sec
        Start 406: SSEParsingTest.EventIdHandling
406/463 Test #406: SSEParsingTest.EventIdHandling .................................................   Passed    0.03 sec
        Start 407: SSEParsingTest.EmptyEventId
407/463 Test #407: SSEParsingTest.EmptyEventId ....................................................   Passed    0.03 sec
        Start 408: SSEParsingTest.RetryFieldParsing
408/463 Test #408: SSEParsingTest.RetryFieldParsing ...............................................   Passed    0.03 sec
        Start 409: SSEParsingTest.InvalidRetryValue
409/463 Test #409: SSEParsingTest.InvalidRetryValue ...............................................   Passed    0.03 sec
        Start 410: SSEParsingTest.CommentsIgnored
410/463 Test #410: SSEParsingTest.CommentsIgnored .................................................   Passed    0.03 sec
        Start 411: SSEParsingTest.ColonInValue
411/463 Test #411: SSEParsingTest.ColonInValue ....................................................   Passed    0.03 sec
        Start 412: SSEParsingTest.FieldNameOnly
412/463 Test #412: SSEParsingTest.FieldNameOnly ...................................................   Passed    0.03 sec
        Start 413: SSEParsingTest.TrailingCarriageReturn
413/463 Test #413: SSEParsingTest.TrailingCarriageReturn ..........................................   Passed    0.03 sec
        Start 414: SSEParsingTest.UnknownFieldsIgnored
414/463 Test #414: SSEParsingTest.UnknownFieldsIgnored ............................................   Passed    0.03 sec
        Start 415: SSEParsingTest.SpaceAfterColonOptional
415/463 Test #415: SSEParsingTest.SpaceAfterColonOptional .........................................   Passed    0.03 sec
        Start 416: SSEParsingTest.MessageClear
416/463 Test #416: SSEParsingTest.MessageClear ....................................................   Passed    0.03 sec
        Start 417: SSEParsingTest.CompleteEventParsing
417/463 Test #417: SSEParsingTest.CompleteEventParsing ............................................   Passed    0.03 sec
        Start 418: SSEIntegrationTest.SuccessfulConnection
418/463 Test #418: SSEIntegrationTest.SuccessfulConnection ........................................   Passed    0.55 sec
        Start 419: SSEIntegrationTest.OnMessageCallback
419/463 Test #419: SSEIntegrationTest.OnMessageCallback ...........................................   Passed    0.55 sec
        Start 420: SSEIntegrationTest.OnEventForSpecificTypes
420/463 Test #420: SSEIntegrationTest.OnEventForSpecificTypes .....................................   Passed    0.35 sec
        Start 421: SSEIntegrationTest.OnErrorCallback
421/463 Test #421: SSEIntegrationTest.OnErrorCallback .............................................   Passed    0.24 sec
        Start 422: SSEIntegrationTest.LastEventIdHeader
422/463 Test #422: SSEIntegrationTest.LastEventIdHeader ...........................................   Passed    0.65 sec
        Start 423: SSEIntegrationTest.ManualStop
423/463 Test #423: SSEIntegrationTest.ManualStop ..................................................   Passed    0.09 sec
        Start 424: SSEIntegrationTest.CustomHeaders
424/463 Test #424: SSEIntegrationTest.CustomHeaders ...............................................   Passed    0.24 sec
        Start 425: SSEIntegrationTest.ReconnectIntervalConfiguration
425/463 Test #425: SSEIntegrationTest.ReconnectIntervalConfiguration ..............................   Passed    0.04 sec
        Start 426: SSEIntegrationTest.MaxReconnectAttempts
426/463 Test #426: SSEIntegrationTest.MaxReconnectAttempts ........................................   Passed    0.24 sec
        Start 427: SSEIntegrationTest.MultiLineDataIntegration
427/463 Test #427: SSEIntegrationTest.MultiLineDataIntegration ....................................   Passed    0.55 sec
        Start 428: SSEIntegrationTest.AutoReconnectAfterDisconnect
428/463 Test #428: SSEIntegrationTest.AutoReconnectAfterDisconnect ................................   Passed    0.85 sec
        Start 429: SSEIntegrationTest.LastEventIdSentOnReconnect
429/463 Test #429: SSEIntegrationTest.LastEventIdSentOnReconnect ..................................   Passed    0.55 sec
        Start 430: Issue2318Test.EmptyHostString
430/463 Test #430: Issue2318Test.EmptyHostString ..................................................   Passed    0.04 sec
        Start 431: WebSocketTest.RSVBitsMustBeZero
431/463 Test #431: WebSocketTest.RSVBitsMustBeZero ................................................   Passed    0.03 sec
        Start 432: WebSocketTest.ControlFrameValidation
432/463 Test #432: WebSocketTest.ControlFrameValidation ...........................................   Passed    0.03 sec
        Start 433: WebSocketTest.PayloadLength64BitMSBMustBeZero
433/463 Test #433: WebSocketTest.PayloadLength64BitMSBMustBeZero ..................................   Passed    0.03 sec
        Start 434: WebSocketTest.InvalidUTF8TextFrame
434/463 Test #434: WebSocketTest.InvalidUTF8TextFrame .............................................   Passed    0.03 sec
        Start 435: WebSocketTest.ConnectAndDisconnect
435/463 Test #435: WebSocketTest.ConnectAndDisconnect .............................................   Passed    0.08 sec
        Start 436: WebSocketTest.ValidURL
436/463 Test #436: WebSocketTest.ValidURL .........................................................   Passed    0.03 sec
        Start 437: WebSocketTest.InvalidURL
437/463 Test #437: WebSocketTest.InvalidURL .......................................................   Passed    0.03 sec
        Start 438: WebSocketTest.UnsupportedScheme
438/463 Test #438: WebSocketTest.UnsupportedScheme ................................................   Passed    0.03 sec
        Start 439: WebSocketTest.ConnectWhenInvalid
439/463 Test #439: WebSocketTest.ConnectWhenInvalid ...............................................   Passed    0.03 sec
        Start 440: WebSocketTest.DefaultPort
440/463 Test #440: WebSocketTest.DefaultPort ......................................................   Passed    0.03 sec
        Start 441: WebSocketTest.IPv6LiteralAddress
441/463 Test #441: WebSocketTest.IPv6LiteralAddress ...............................................   Passed    0.03 sec
        Start 442: WebSocketTest.ComplexPath
442/463 Test #442: WebSocketTest.ComplexPath ......................................................   Passed    0.03 sec
        Start 443: WebSocketIntegrationTest.TextEcho
443/463 Test #443: WebSocketIntegrationTest.TextEcho ..............................................   Passed    0.16 sec
        Start 444: WebSocketIntegrationTest.BinaryEcho
444/463 Test #444: WebSocketIntegrationTest.BinaryEcho ............................................   Passed    0.16 sec
        Start 445: WebSocketIntegrationTest.MultipleMessages
445/463 Test #445: WebSocketIntegrationTest.MultipleMessages ......................................   Passed    0.88 sec
        Start 446: WebSocketIntegrationTest.CloseHandshake
446/463 Test #446: WebSocketIntegrationTest.CloseHandshake ........................................   Passed    0.12 sec
        Start 447: WebSocketIntegrationTest.LargeMessage
447/463 Test #447: WebSocketIntegrationTest.LargeMessage ..........................................   Passed    0.12 sec
        Start 448: WebSocketIntegrationTest.ConcurrentSend
448/463 Test #448: WebSocketIntegrationTest.ConcurrentSend ........................................   Passed    0.15 sec
        Start 449: WebSocketIntegrationTest.ReadString
449/463 Test #449: WebSocketIntegrationTest.ReadString ............................................   Passed    0.23 sec
        Start 450: WebSocketIntegrationTest.RequestAccess
450/463 Test #450: WebSocketIntegrationTest.RequestAccess .........................................   Passed    0.07 sec
        Start 451: WebSocketIntegrationTest.ReadTimeout
451/463 Test #451: WebSocketIntegrationTest.ReadTimeout ...........................................   Passed    1.04 sec
        Start 452: WebSocketIntegrationTest.MaxPayloadExceeded
452/463 Test #452: WebSocketIntegrationTest.MaxPayloadExceeded ....................................   Passed    0.04 sec
        Start 453: WebSocketIntegrationTest.MaxPayloadAtLimit
453/463 Test #453: WebSocketIntegrationTest.MaxPayloadAtLimit .....................................   Passed    0.21 sec
        Start 454: WebSocketIntegrationTest.ConnectToInvalidPath
454/463 Test #454: WebSocketIntegrationTest.ConnectToInvalidPath ..................................   Passed    0.04 sec
        Start 455: WebSocketIntegrationTest.EmptyMessage
455/463 Test #455: WebSocketIntegrationTest.EmptyMessage ..........................................   Passed    0.12 sec
        Start 456: WebSocketIntegrationTest.Reconnect
456/463 Test #456: WebSocketIntegrationTest.Reconnect .............................................   Passed    0.28 sec
        Start 457: WebSocketIntegrationTest.CloseWithStatus
457/463 Test #457: WebSocketIntegrationTest.CloseWithStatus .......................................   Passed    0.12 sec
        Start 458: WebSocketIntegrationTest.ClientCloseWithStatus
458/463 Test #458: WebSocketIntegrationTest.ClientCloseWithStatus .................................   Passed    0.08 sec
        Start 459: WebSocketIntegrationTest.SubProtocolNegotiation
459/463 Test #459: WebSocketIntegrationTest.SubProtocolNegotiation ................................   Passed    0.08 sec
        Start 460: WebSocketIntegrationTest.SubProtocolNoMatch
460/463 Test #460: WebSocketIntegrationTest.SubProtocolNoMatch ....................................   Passed    0.07 sec
        Start 461: WebSocketIntegrationTest.SubProtocolNotRequested
461/463 Test #461: WebSocketIntegrationTest.SubProtocolNotRequested ...............................   Passed    0.07 sec
        Start 462: WebSocketPreRoutingTest.RejectWithoutAuth
462/463 Test #462: WebSocketPreRoutingTest.RejectWithoutAuth ......................................   Passed    0.16 sec
        Start 463: httplib-test-fuzz
463/463 Test #463: httplib-test-fuzz ..............................................................   Passed    0.01 sec

100% tests passed, 0 tests failed out of 462

Total Test time (real) = 125.17 sec

The following tests did not run:
	106 - BindServerTest.BindDualStack (Disabled)
[5/6] Write result JSON
[6/6] Done (resources will be cleaned by trap)
JSON: /home/cc/Label/result/yhirose_cpp-httplib.json
