=== [1/5] 环境检查 ===
=== [2/5] Clone 仓库 ===
Cloning into '/home/cc/Label/zeromicro_go-zero_measure'...
=== [3/5] Build 阶段: go build ./... ===
go: downloading go.uber.org/automaxprocs v1.6.0
go: downloading github.com/spaolacci/murmur3 v1.1.0
go: downloading github.com/prometheus/client_golang v1.23.2
go: downloading go.opentelemetry.io/otel/sdk v1.24.0
go: downloading github.com/jackc/pgx/v5 v5.7.4
go: downloading github.com/alicebob/miniredis/v2 v2.36.1
go: downloading go.opentelemetry.io/otel v1.24.0
go: downloading github.com/fatih/color v1.18.0
go: downloading go.opentelemetry.io/otel/trace v1.24.0
go: downloading google.golang.org/grpc v1.65.0
go: downloading gopkg.in/cheggaaa/pb.v1 v1.0.28
go: downloading github.com/DATA-DOG/go-sqlmock v1.5.2
go: downloading google.golang.org/protobuf v1.36.11
go: downloading github.com/stretchr/testify v1.11.1
go: downloading github.com/grafana/pyroscope-go v1.2.7
go: downloading golang.org/x/sys v0.35.0
go: downloading golang.org/x/time v0.10.0
go: downloading github.com/golang-jwt/jwt/v4 v4.5.2
go: downloading github.com/fullstorydev/grpcurl v1.9.3
go: downloading go.etcd.io/etcd/client/v3 v3.5.15
go: downloading github.com/pelletier/go-toml/v2 v2.2.4
go: downloading gopkg.in/yaml.v2 v2.4.0
go: downloading github.com/google/uuid v1.6.0
go: downloading github.com/modelcontextprotocol/go-sdk v1.3.0
go: downloading github.com/golang/protobuf v1.5.4
go: downloading github.com/jhump/protoreflect v1.17.0
go: downloading go.mongodb.org/mongo-driver/v2 v2.5.0
go: downloading k8s.io/apimachinery v0.29.4
go: downloading k8s.io/client-go v0.29.3
go: downloading github.com/redis/go-redis/v9 v9.18.0
go: downloading google.golang.org/genproto/googleapis/api v0.0.0-20240711142825-46eb208f015d
go: downloading go.opentelemetry.io/otel/exporters/otlp/otlptrace/otlptracegrpc v1.24.0
go: downloading go.opentelemetry.io/otel/exporters/otlp/otlptrace/otlptracehttp v1.24.0
go: downloading go.opentelemetry.io/otel/exporters/stdout/stdouttrace v1.24.0
go: downloading go.opentelemetry.io/otel/exporters/zipkin v1.24.0
go: downloading k8s.io/api v0.29.3
go: downloading go.opentelemetry.io/otel/exporters/otlp/otlptrace v1.24.0
go: downloading go.etcd.io/etcd/api/v3 v3.5.15
go: downloading go.uber.org/mock v0.6.0
go: downloading github.com/go-sql-driver/mysql v1.9.3
go: downloading github.com/mattn/go-colorable v0.1.13
go: downloading github.com/mattn/go-isatty v0.0.20
go: downloading github.com/mattn/go-runewidth v0.0.15
go: downloading github.com/grafana/pyroscope-go/godeltaprof v0.1.9
go: downloading go.etcd.io/etcd/client/pkg/v3 v3.5.15
go: downloading go.uber.org/zap v1.24.0
go: downloading github.com/davecgh/go-spew v1.1.1
go: downloading github.com/pmezard/go-difflib v1.0.0
go: downloading github.com/yuin/gopher-lua v1.1.1
go: downloading github.com/go-logr/logr v1.4.2
go: downloading go.opentelemetry.io/otel/metric v1.24.0
go: downloading github.com/go-logr/stdr v1.2.2
go: downloading github.com/openzipkin/zipkin-go v0.4.3
go: downloading go.opentelemetry.io/proto/otlp v1.3.1
go: downloading google.golang.org/genproto/googleapis/rpc v0.0.0-20240701130421-f6361c86f094
go: downloading github.com/prometheus/client_model v0.6.2
go: downloading github.com/prometheus/common v0.66.1
go: downloading github.com/google/jsonschema-go v0.4.2
go: downloading github.com/yosida95/uritemplate/v3 v3.0.2
go: downloading github.com/beorn7/perks v1.0.1
go: downloading github.com/cespare/xxhash/v2 v2.3.0
go: downloading github.com/prometheus/procfs v0.16.1
go: downloading github.com/gogo/protobuf v1.3.2
go: downloading github.com/coreos/go-semver v0.3.1
go: downloading filippo.io/edwards25519 v1.1.0
go: downloading gopkg.in/yaml.v3 v3.0.1
go: downloading github.com/bufbuild/protocompile v0.14.1
go: downloading github.com/youmark/pkcs8 v0.0.0-20240726163527-a2c0da244d78
go: downloading github.com/google/gofuzz v1.2.0
go: downloading golang.org/x/net v0.43.0
go: downloading github.com/cenkalti/backoff/v4 v4.3.0
go: downloading github.com/rivo/uniseg v0.2.0
go: downloading github.com/klauspost/compress v1.18.0
go: downloading github.com/coreos/go-systemd/v22 v22.5.0
go: downloading github.com/jackc/pgpassfile v1.0.0
go: downloading github.com/jackc/pgservicefile v0.0.0-20240606120523-5a60cdf6a761
go: downloading golang.org/x/crypto v0.41.0
go: downloading golang.org/x/text v0.28.0
go: downloading github.com/jackc/puddle/v2 v2.2.2
go: downloading github.com/xdg-go/scram v1.2.0
go: downloading github.com/xdg-go/stringprep v1.0.4
go: downloading gopkg.in/inf.v0 v0.9.1
go: downloading k8s.io/klog/v2 v2.110.1
go: downloading k8s.io/utils v0.0.0-20251222233032-718f0e51e6d2
go: downloading sigs.k8s.io/structured-merge-diff/v4 v4.4.1
go: downloading go.uber.org/atomic v1.11.0
go: downloading go.uber.org/multierr v1.9.0
go: downloading github.com/dgryski/go-rendezvous v0.0.0-20200823014737-9f7001d12a5f
go: downloading github.com/grpc-ecosystem/grpc-gateway/v2 v2.20.0
go: downloading golang.org/x/sync v0.16.0
go: downloading github.com/munnerz/goautoneg v0.0.0-20191010083416-a7dc8b61c822
go: downloading go.yaml.in/yaml/v2 v2.4.2
go: downloading sigs.k8s.io/json v0.0.0-20221116044647-bc3834ca7abd
go: downloading github.com/envoyproxy/go-control-plane v0.12.0
go: downloading github.com/google/go-cmp v0.7.0
go: downloading github.com/google/gnostic-models v0.6.8
go: downloading golang.org/x/term v0.34.0
go: downloading golang.org/x/oauth2 v0.30.0
go: downloading k8s.io/kube-openapi v0.0.0-20231010175941-2dd684a91f00
go: downloading sigs.k8s.io/yaml v1.3.0
go: downloading github.com/json-iterator/go v1.1.12
go: downloading github.com/emicklei/go-restful/v3 v3.11.0
go: downloading github.com/go-openapi/jsonreference v0.20.2
go: downloading github.com/go-openapi/swag v0.22.4
go: downloading github.com/modern-go/reflect2 v1.0.2
go: downloading github.com/modern-go/concurrent v0.0.0-20180306012644-bacd9c7ef1dd
go: downloading github.com/mailru/easyjson v0.7.7
go: downloading github.com/go-openapi/jsonpointer v0.19.6
go: downloading github.com/cncf/xds/go v0.0.0-20240423153145-555b57ec207b
go: downloading github.com/envoyproxy/protoc-gen-validate v1.0.4
go: downloading github.com/josharian/intern v1.0.0
=== [4/5] Run 阶段: go test -short ./core/... ===
go: downloading go.uber.org/goleak v1.3.0
go: downloading gopkg.in/h2non/gock.v1 v1.1.2
go: downloading github.com/kylelemons/godebug v1.1.0
go: downloading github.com/stretchr/objx v0.5.2
go: downloading github.com/h2non/parth v0.0.0-20190131123155-b4df798d6542
ok  	github.com/zeromicro/go-zero/core/bloom	6.323s
ok  	github.com/zeromicro/go-zero/core/breaker	0.921s
ok  	github.com/zeromicro/go-zero/core/cmdline	0.005s
ok  	github.com/zeromicro/go-zero/core/codec	3.566s
ok  	github.com/zeromicro/go-zero/core/collection	3.565s
ok  	github.com/zeromicro/go-zero/core/color	0.006s
ok  	github.com/zeromicro/go-zero/core/conf	3.576s
ok  	github.com/zeromicro/go-zero/core/configcenter	0.115s
ok  	github.com/zeromicro/go-zero/core/configcenter/subscriber	0.013s
ok  	github.com/zeromicro/go-zero/core/contextx	0.127s
ok  	github.com/zeromicro/go-zero/core/discov	3.574s
ok  	github.com/zeromicro/go-zero/core/discov/internal	7.517s
ok  	github.com/zeromicro/go-zero/core/errorx	0.023s
ok  	github.com/zeromicro/go-zero/core/executors	1.244s
ok  	github.com/zeromicro/go-zero/core/filex	3.568s
ok  	github.com/zeromicro/go-zero/core/fs	0.006s
ok  	github.com/zeromicro/go-zero/core/fx	2.144s
ok  	github.com/zeromicro/go-zero/core/hash	0.072s
ok  	github.com/zeromicro/go-zero/core/iox	3.606s
ok  	github.com/zeromicro/go-zero/core/jsonx	0.006s
ok  	github.com/zeromicro/go-zero/core/lang	0.006s
ok  	github.com/zeromicro/go-zero/core/limit	9.895s
ok  	github.com/zeromicro/go-zero/core/load	2.406s
ok  	github.com/zeromicro/go-zero/core/logc	0.007s
ok  	github.com/zeromicro/go-zero/core/logx	4.924s
ok  	github.com/zeromicro/go-zero/core/logx/logtest	0.006s
ok  	github.com/zeromicro/go-zero/core/mapping	0.032s
ok  	github.com/zeromicro/go-zero/core/mathx	0.012s
ok  	github.com/zeromicro/go-zero/core/metric	0.010s
ok  	github.com/zeromicro/go-zero/core/mr	0.081s
?   	github.com/zeromicro/go-zero/core/naming	[no test files]
ok  	github.com/zeromicro/go-zero/core/netx	0.008s
ok  	github.com/zeromicro/go-zero/core/proc	3.564s
ok  	github.com/zeromicro/go-zero/core/prof	0.057s
?   	github.com/zeromicro/go-zero/core/prometheus	[no test files]
ok  	github.com/zeromicro/go-zero/core/queue	2.070s
ok  	github.com/zeromicro/go-zero/core/rescue	0.010s
ok  	github.com/zeromicro/go-zero/core/search	0.013s
ok  	github.com/zeromicro/go-zero/core/service	0.013s
ok  	github.com/zeromicro/go-zero/core/stat	0.016s
ok  	github.com/zeromicro/go-zero/core/stat/internal	0.008s
ok  	github.com/zeromicro/go-zero/core/stores/builder	0.009s
ok  	github.com/zeromicro/go-zero/core/stores/cache	0.578s
?   	github.com/zeromicro/go-zero/core/stores/dbtest	[no test files]
ok  	github.com/zeromicro/go-zero/core/stores/kv	0.054s
ok  	github.com/zeromicro/go-zero/core/stores/mon	0.014s
ok  	github.com/zeromicro/go-zero/core/stores/monc	0.076s
ok  	github.com/zeromicro/go-zero/core/stores/postgres	0.010s
ok  	github.com/zeromicro/go-zero/core/stores/redis	8.070s
?   	github.com/zeromicro/go-zero/core/stores/redis/redistest	[no test files]
ok  	github.com/zeromicro/go-zero/core/stores/sqlc	31.092s
ok  	github.com/zeromicro/go-zero/core/stores/sqlx	2.328s
ok  	github.com/zeromicro/go-zero/core/stringx	0.009s
ok  	github.com/zeromicro/go-zero/core/syncx	1.621s
ok  	github.com/zeromicro/go-zero/core/sysx	0.008s
ok  	github.com/zeromicro/go-zero/core/threading	1.378s
ok  	github.com/zeromicro/go-zero/core/timex	0.070s
ok  	github.com/zeromicro/go-zero/core/trace	3.231s
?   	github.com/zeromicro/go-zero/core/trace/tracetest	[no test files]
ok  	github.com/zeromicro/go-zero/core/utils	0.037s
?   	github.com/zeromicro/go-zero/core/validation	[no test files]
=== [5/5] 汇总并写入 JSON ===
测量完成: /home/cc/Label/result/zeromicro_go-zero.json
已清理工作目录: /home/cc/Label/zeromicro_go-zero_measure（通过 EXIT trap）
